	Log Type : DEBUG1
Get: robot-model --> links/model.sdf
Using robot model : /home/scaperoth/Desktop/research/Pacer/example/models/links/model.sdf
LF_X_1, dofs = 1
LF_Y_2, dofs = 1
LF_Y_3, dofs = 1
RF_X_1, dofs = 1
RF_Y_2, dofs = 1
RF_Y_3, dofs = 1
LH_X_1, dofs = 1
LH_Y_2, dofs = 1
LH_Y_3, dofs = 1
RH_X_1, dofs = 1
RH_Y_2, dofs = 1
RH_Y_3, dofs = 1
	Joint Map
	LF_X_1, 0xed6ca0
	LF_Y_2, 0xed7a80
	LF_Y_3, 0xed88b0
	LH_X_1, 0xedc1f0
	LH_Y_2, 0xedd000
	LH_Y_3, 0xedde10
	RF_X_1, 0xed9720
	RF_Y_2, 0xeda500
	RF_Y_3, 0xedb3a0
	RH_X_1, 0xeded30
	RH_Y_2, 0xedfab0
	RH_Y_3, 0xee08c0
	LF_X_1_dofs %{1%} = [0 ]';

	LF_Y_2_dofs %{1%} = [4 ]';

	LF_Y_3_dofs %{1%} = [8 ]';

	LH_X_1_dofs %{1%} = [2 ]';

	LH_Y_2_dofs %{1%} = [6 ]';

	LH_Y_3_dofs %{1%} = [10 ]';

	RF_X_1_dofs %{1%} = [1 ]';

	RF_Y_2_dofs %{1%} = [5 ]';

	RF_Y_3_dofs %{1%} = [9 ]';

	RH_X_1_dofs %{1%} = [3 ]';

	RH_Y_2_dofs %{1%} = [7 ]';

	RH_Y_3_dofs %{1%} = [11 ]';

	Link Map
	BODY0, 0xeb7690
	LF_FOOT, 0xeb4880
	LF_LEG_1, 0xeb0290
	LF_LEG_2, 0xeb8ca0
	LH_FOOT, 0xe9f1e0
	LH_LEG_1, 0xeba3c0
	LH_LEG_2, 0xec4e60
	RF_FOOT, 0xeb9ad0
	RF_LEG_1, 0xeb1050
	RF_LEG_2, 0xeb3980
	RH_FOOT, 0xed3ee0
	RH_LEG_1, 0xed07b0
	RH_LEG_2, 0xed23f0
Get: init.end-effector.id --> [ LF_FOOT RF_FOOT LH_FOOT RH_FOOT]
	eef link id = LF_FOOT, 0xeb4880
LF_FOOT
  LF_FOOT
  LF_Y_3
  dofs = 1
  8 LF_Y_3
  LF_LEG_2
  LF_Y_2
  dofs = 1
  4 LF_Y_2
  LF_LEG_1
  LF_X_1
  dofs = 1
  0 LF_X_1
	eef link id = RF_FOOT, 0xeb9ad0
RF_FOOT
  RF_FOOT
  RF_Y_3
  dofs = 1
  9 RF_Y_3
  RF_LEG_2
  RF_Y_2
  dofs = 1
  5 RF_Y_2
  RF_LEG_1
  RF_X_1
  dofs = 1
  1 RF_X_1
	eef link id = LH_FOOT, 0xe9f1e0
LH_FOOT
  LH_FOOT
  LH_Y_3
  dofs = 1
  10 LH_Y_3
  LH_LEG_2
  LH_Y_2
  dofs = 1
  6 LH_Y_2
  LH_LEG_1
  LH_X_1
  dofs = 1
  2 LH_X_1
	eef link id = RH_FOOT, 0xed3ee0
RH_FOOT
  RH_FOOT
  RH_Y_3
  dofs = 1
  11 RH_Y_3
  RH_LEG_2
  RH_Y_2
  dofs = 1
  7 RH_Y_2
  RH_LEG_1
  RH_X_1
  dofs = 1
  3 RH_X_1
Get: init.joint.id --> [ LF_X_1 LF_Y_2 LF_Y_3 RF_X_1 RF_Y_2 RF_Y_3 LH_X_1 LH_Y_2 LH_Y_3 RH_X_1 RH_Y_2 RH_Y_3]
Get: init.joint.dofs --> [ 1 1 1 1 1 1 1 1 1 1 1 1]
Get: init.joint.q --> [ 0.1 0.8 1.2 -0.1 -0.8 -1.2 -0.1 -0.8 -1.2 0.1 0.8 1.2]
LF_X_1_zero %{1%} = [0.1 ]';

LF_Y_2_zero %{1%} = [0.8 ]';

LF_Y_3_zero %{1%} = [1.2 ]';

RF_X_1_zero %{1%} = [-0.1 ]';

RF_Y_2_zero %{1%} = [-0.8 ]';

RF_Y_3_zero %{1%} = [-1.2 ]';

LH_X_1_zero %{1%} = [-0.1 ]';

LH_Y_2_zero %{1%} = [-0.8 ]';

LH_Y_3_zero %{1%} = [-1.2 ]';

RH_X_1_zero %{1%} = [0.1 ]';

RH_Y_2_zero %{1%} = [0.8 ]';

RH_Y_3_zero %{1%} = [1.2 ]';

Get: init.base.x --> [ 2 0 0.172 0 0 0]
Get: init.base.xd --> [ 0 0 0 0 0 0]
Set: init.q <-- [0.1, -0.1, -0.1, 0.1, 0.8, -0.8, -0.8, 0.8, 1.2, -1.2, -1.2, 1.2] 
<< Robot::init_robot(.)
>> Controller::init_plugins()
Get: plugin.id --> [ gamepad waypoints gait-planner ik-feet stand-trajectory jumper-planner jumper joint-PID-controller eef-PID-controller idyn-controller stabilization skating-stabilization jumper_joint-PID-controller jumper_eef-PID-controller]
Get: plugin.file --> [ libgamepad.so libwaypoints.so libgait-planner.so libik-feet.so libstand-trajectory.so libjumper-planner.so libjumper.so libjoint-PID-controller.so libeef-PID-controller.so libinverse-dynamics.so libstabilization.so libskating-stabilization.so libjumper_joint-PID-controller.so libjumper_eef-PID-controller.so]
Get: plugin.active --> [ 0 0 0 0 0 1 1 0 0 0 0 0 1 1]
Loading Plugin: jumper-planner
	LIB: libjumper-planner.so
	PATH: /home/scaperoth/Desktop/research/Pacer/build/example/plugins
Get: jumper-planner.priority --> 1
Loading Plugin: jumper
	LIB: libjumper.so
	PATH: /home/scaperoth/Desktop/research/Pacer/build/example/plugins
Loading Plugin: jumper_joint-PID-controller
	LIB: libjumper_joint-PID-controller.so
	PATH: /home/scaperoth/Desktop/research/Pacer/build/example/plugins
Get: jumper_joint-PID-controller.priority --> 2
Loading Plugin: jumper_eef-PID-controller
	LIB: libjumper_eef-PID-controller.so
	PATH: /home/scaperoth/Desktop/research/Pacer/build/example/plugins
<< Controller::init_plugins()
Get: init.kinematic --> 0
>> Controller::control(.)
virtual_time = 0;

virtual_time_step = 0.001;

Set: generalized_q <-- [0.1, -0.1, -0.1, 0.1, 0.8, -0.8, -0.8, 0.8, 1.2, -1.2, -1.2, 1.2, 2, 0, 0.172, 0, 0, 0, 1] 
Set: generalized_qd <-- [0, 0, 0, 0, 0, 0, 0, 0, 0, 0, 0, 0, 0, 0, 0, 0, 0, 0] 
Set: generalized_qdd <-- [0, 0, 0, 0, 0, 0, 0, 0, 0, 0, 0, 0, 0, 0, 0, 0, 0, 0] 
Set: generalized_fext <-- [-0.014990985, 0.014990985, 0.014990985, -0.014990985, 0.08169819, -0.08169819, -0.08169819, 0.08169819, -0.020310027, 0.020310027, 0.020310027, -0.020310027, -0, -0, -47.088, -0, 4.4408921e-16, -0] 
Set: base.xd <-- [0, 0, 0] 
Set: base.omega <-- [0, 0, 0] 
Set: base.xdd <-- [0, 0, 0] 
Set: base.alpha <-- [0, 0, 0] 
Set: q <-- [0.1, -0.1, -0.1, 0.1, 0.8, -0.8, -0.8, 0.8, 1.2, -1.2, -1.2, 1.2] 
Set: qd <-- [0, 0, 0, 0, 0, 0, 0, 0, 0, 0, 0, 0] 
Set: qdd <-- [0, 0, 0, 0, 0, 0, 0, 0, 0, 0, 0, 0] 
Get: init.base.x --> [ 2 0 0.172 0 0 0]
Rotating base_link_frame saggitally by: theta = -0
Set: base_stability_frame <-- orientation: [ 1 0 0 ] 0   origin: [2 0 0.172]  relative pose: 0
Set: base_link_frame <-- orientation: [ 1 0 0 ] 0   origin: [2 0 0.172]  relative pose: 0
Set: roll_pitch_yaw <-- [0 0 -0] 
Set: base_horizontal_frame <-- orientation: [ 1 0 0 ] 0   origin: [2 0 0.172]  relative pose: 0
Get: init.end-effector.id --> [ LF_FOOT RF_FOOT LH_FOOT RH_FOOT]
Get: base_link_frame --> orientation: [ 1 0 0 ] 0   origin: [2 0 0.172]  relative pose: 0
Set: LF_FOOT.state.x <-- [0.178056, 0.0762394, -0.161853] 
Set: LF_FOOT.state.xd <-- [0, 0, 0] 
Set: LF_FOOT.state.xdd <-- [0, 0, 0] 
Set: LF_FOOT.init.x <-- [0.178056, 0.0762394, -0.161853] 
Set: LF_FOOT.init.xd <-- [0, 0, 0] 
Set: RF_FOOT.state.x <-- [0.178056, -0.0762394, -0.161853] 
Set: RF_FOOT.state.xd <-- [0, 0, 0] 
Set: RF_FOOT.state.xdd <-- [0, 0, 0] 
Set: RF_FOOT.init.x <-- [0.178056, -0.0762394, -0.161853] 
Set: RF_FOOT.init.xd <-- [0, 0, 0] 
Set: LH_FOOT.state.x <-- [-0.178056, 0.0762394, -0.161853] 
Set: LH_FOOT.state.xd <-- [0, 0, 0] 
Set: LH_FOOT.state.xdd <-- [0, 0, 0] 
Set: LH_FOOT.init.x <-- [-0.178056, 0.0762394, -0.161853] 
Set: LH_FOOT.init.xd <-- [0, 0, 0] 
Set: RH_FOOT.state.x <-- [-0.178056, -0.0762394, -0.161853] 
Set: RH_FOOT.state.xd <-- [0, 0, 0] 
Set: RH_FOOT.state.xdd <-- [0, 0, 0] 
Set: RH_FOOT.init.x <-- [-0.178056, -0.0762394, -0.161853] 
Set: RH_FOOT.init.xd <-- [0, 0, 0] 
Set: base.state.x <-- [2, 0, 0.172] 
Set: base.state.q <-- <0, 0, 0> 1
Set: base.state.xd <-- [0, 0, 0] 
Set: base.state.xdd <-- [0, 0, 0] 
Set: base.state.w <-- [0, 0, 0] 
Set: base.state.wd <-- [0, 0, 0] 
Set: mass <-- 4.8
Set: center_of_mass.x <-- [1.4456e-18, -1.807e-19, -0.012692] 
Set: center_of_mass.xd <-- [0, 0, 0] 
Set: center_of_mass.xdd <-- [0, 0, 0] 
Set: zero_moment_point <-- [1.4456e-18, -1.807e-19, 0] 
Variable: "generalized_inertia" not found in data!

	>> update_plugins()
	>> jumper-planner
Get: jumper-planner.real-time-factor --> 1
Get: init.q --> [0.1, -0.1, -0.1, 0.1, 0.8, -0.8, -0.8, 0.8, 1.2, -1.2, -1.2, 1.2] 
Get: base_link_frame --> orientation: [ 1 0 0 ] 0   origin: [2 0 0.172]  relative pose: 0
Get: init.end-effector.id --> [ LF_FOOT RF_FOOT LH_FOOT RH_FOOT]
Set: LF_FOOT.goal.x <-- [-1.82194, 0.0762394, -0.333853] 
Set: LF_FOOT.goal.xd <-- [0, 0, 0] 
Set: LF_FOOT.goal.xdd <-- [0, 0, 0] 
Set: LF_FOOT.stance <-- 1
Set: RF_FOOT.goal.x <-- [-1.82194, -0.0762394, -0.333853] 
Set: RF_FOOT.goal.xd <-- [0, 0, 0] 
Set: RF_FOOT.goal.xdd <-- [0, 0, 0] 
Set: RF_FOOT.stance <-- 1
Set: LH_FOOT.goal.x <-- [-2.17806, 0.0762394, -0.333853] 
Set: LH_FOOT.goal.xd <-- [0, 0, 0] 
Set: LH_FOOT.goal.xdd <-- [0, 0, 0] 
Set: LH_FOOT.stance <-- 1
Set: RH_FOOT.goal.x <-- [-2.17806, -0.0762394, -0.333853] 
Set: RH_FOOT.goal.xd <-- [0, 0, 0] 
Set: RH_FOOT.goal.xdd <-- [0, 0, 0] 
Set: RH_FOOT.stance <-- 1
	<< jumper-planner
	>> jumper
jumper_traj_theta = 30;

jumper_traj_alpha = 1;

jumper_traj_g = 9.81;

jumper_traj_r = 0.5;

jumper_time = 0;

	<< jumper
	>> jumper_joint-PID-controller
Get: jumper_joint-PID-controller.real-time-factor --> 1
Get: init.joint.id --> [ LF_X_1 LF_Y_2 LF_Y_3 RF_X_1 RF_Y_2 RF_Y_3 LH_X_1 LH_Y_2 LH_Y_3 RH_X_1 RH_Y_2 RH_Y_3]
joint_names %{12%} = [LF_X_1 LF_Y_2 LF_Y_3 RF_X_1 RF_Y_2 RF_Y_3 LH_X_1 LH_Y_2 LH_Y_3 RH_X_1 RH_Y_2 RH_Y_3 ]';

Get: jumper_joint-PID-controller.liftoff_gains.kp --> [ 1 1 1 1 1 1 1 1 1 1 1 1]
Get: jumper_joint-PID-controller.liftoff_gains.kv --> [ 0.1 0.1 0.1 0.1 0.1 0.1 0.1 0.1 0.1 0.1 0.1 0.1]
Get: jumper_joint-PID-controller.liftoff_gains.ki --> [ 0.003 0.003 0.003 0.003 0.003 0.003 0.003 0.003 0.003 0.003 0.003 0.003]
Get: init.joint.dofs --> [ 1 1 1 1 1 1 1 1 1 1 1 1]
Kp %{12%} = [1 1 1 1 1 1 1 1 1 1 1 1 ]';

Kv %{12%} = [0.1 0.1 0.1 0.1 0.1 0.1 0.1 0.1 0.1 0.1 0.1 0.1 ]';

Ki %{12%} = [0.003 0.003 0.003 0.003 0.003 0.003 0.003 0.003 0.003 0.003 0.003 0.003 ]';

dofs %{12%} = [1 1 1 1 1 1 1 1 1 1 1 1 ]';

Controller: jumper_joint-PID-controller. inited!
joint_names %{12%} = [LF_X_1 LF_Y_2 LF_Y_3 RF_X_1 RF_Y_2 RF_Y_3 LH_X_1 LH_Y_2 LH_Y_3 RH_X_1 RH_Y_2 RH_Y_3 ]';

Get: jumper_joint-PID-controller.liftoff_gains.kp --> [ 1 1 1 1 1 1 1 1 1 1 1 1]
Get: jumper_joint-PID-controller.liftoff_gains.kv --> [ 0.1 0.1 0.1 0.1 0.1 0.1 0.1 0.1 0.1 0.1 0.1 0.1]
Get: jumper_joint-PID-controller.liftoff_gains.ki --> [ 0.003 0.003 0.003 0.003 0.003 0.003 0.003 0.003 0.003 0.003 0.003 0.003]
PHASE ONE = 3;

Get: jumper_joint-PID-controller.landing_gains.kp --> [ 10 10 10 10 10 10 10 10 10 10 10 10]
Get: jumper_joint-PID-controller.landing_gains.kv --> [ 0.1 0.1 0.1 0.1 0.1 0.1 0.1 0.1 0.1 0.1 0.1 0.1]
Get: jumper_joint-PID-controller.landing_gains.ki --> [ 0.001 0.001 0.001 0.001 0.001 0.001 0.001 0.001 0.001 0.001 0.001 0.001]
Get: init.joint.dofs --> [ 1 1 1 1 1 1 1 1 1 1 1 1]
Kp %{12%} = [10 10 10 10 10 10 10 10 10 10 10 10 ]';

Kv %{12%} = [0.1 0.1 0.1 0.1 0.1 0.1 0.1 0.1 0.1 0.1 0.1 0.1 ]';

Ki %{12%} = [0.001 0.001 0.001 0.001 0.001 0.001 0.001 0.001 0.001 0.001 0.001 0.001 ]';

dofs %{12%} = [1 1 1 1 1 1 1 1 1 1 1 1 ]';

Controller: jumper_joint-PID-controller. inited!
Get: jumper.phase --> 0
	<< jumper_joint-PID-controller
	>> jumper_eef-PID-controller
	LF_FOOT_perr = [-2 0 -0.172 ]';
	LF_FOOT_derr = [0 0 0 ]';
	LF_FOOT_U = [-14000.02 0 -1204.00172 ]';
	LF_FOOT_J = [ %6x18
0 0 0 0 -0.162665352 0 0 0 -0.0909297427 0 0 0 1 0 0 0 -0.161852703 -0.0762394378 ;
0.161852703 0 0 0 0.00280092507 0 0 0 -0.00415453605 0 0 0 0 1 0 0.161852703 0 0.178055987 ;
0.0162394378 0 0 0 -0.0279158242 0 0 0 0.0414067836 0 0 0 0 0 1 0.0762394378 -0.178055987 0 ;
1 0 0 0 0 0 0 0 0 0 0 0 0 0 0 1 0 0 ;
0 0 0 0 0.995004165 0 0 0 0.995004165 0 0 0 0 0 0 0 1 0 ;
0 0 0 0 0.0998334166 0 0 0 0.0998334166 0 0 0 0 0 0 0 0 1 ];
	LF_FOOT_joint_u = [-19.5523111 0 0 0 2310.92888 0 0 0 1223.16438 0 0 0 -14000.02 0 -1204.00172 -91.7924143 2480.32079 1067.35365 ]';
	RF_FOOT_perr = [-2 0 -0.172 ]';
	RF_FOOT_derr = [0 0 0 ]';
	RF_FOOT_U = [-14000.02 0 -1204.00172 ]';
	RF_FOOT_J = [ %6x18
0 0 0 0 0 0.162665352 0 0 0 0.0909297427 0 0 1 0 0 0 -0.161852703 0.0762394378 ;
0 0.161852703 0 0 0 0.00280092507 0 0 0 -0.00415453605 0 0 0 1 0 0.161852703 0 0.178055987 ;
0 -0.0162394378 0 0 0 0.0279158242 0 0 0 -0.0414067836 0 0 0 0 1 -0.0762394378 -0.178055987 0 ;
0 1 0 0 0 0 0 0 0 0 0 0 0 0 0 1 0 0 ;
0 0 0 0 0 -0.995004165 0 0 0 -0.995004165 0 0 0 0 0 0 1 0 ;
0 0 0 0 0 0.0998334166 0 0 0 0.0998334166 0 0 0 0 0 0 0 1 ];
	RF_FOOT_joint_u = [0 19.5523111 0 0 0 -2310.92888 0 0 0 -1223.16438 0 0 -14000.02 0 -1204.00172 91.7924143 2480.32079 -1067.35365 ]';
	LH_FOOT_perr = [-2 0 -0.172 ]';
	LH_FOOT_derr = [0 0 0 ]';
	LH_FOOT_U = [-14000.02 0 -1204.00172 ]';
	LH_FOOT_J = [ %6x18
0 0 0 0 0 0 -0.162665352 0 0 0 -0.0909297427 0 1 0 0 0 -0.161852703 -0.0762394378 ;
0 0 -0.161852703 0 0 0 -0.00280092507 0 0 0 0.00415453605 0 0 1 0 0.161852703 0 -0.178055987 ;
0 0 -0.0162394378 0 0 0 0.0279158242 0 0 0 -0.0414067836 0 0 0 1 0.0762394378 0.178055987 0 ;
0 0 -1 0 0 0 0 0 0 0 0 0 0 0 0 1 0 0 ;
0 0 0 0 0 0 0.995004165 0 0 0 0.995004165 0 0 0 0 0 1 0 ;
0 0 0 0 0 0 0.0998334166 0 0 0 0.0998334166 0 0 0 0 0 0 1 ];
	LH_FOOT_joint_u = [0 0 19.5523111 0 0 0 2243.70748 0 0 0 1322.87205 0 -14000.02 0 -1204.00172 -91.7924143 2051.56136 1067.35365 ]';
	RH_FOOT_perr = [-2 0 -0.172 ]';
	RH_FOOT_derr = [0 0 0 ]';
	RH_FOOT_U = [-14000.02 0 -1204.00172 ]';
	RH_FOOT_J = [ %6x18
0 0 0 0 0 0 0 0.162665352 0 0 0 0.0909297427 1 0 0 0 -0.161852703 0.0762394378 ;
0 0 0 -0.161852703 0 0 0 -0.00280092507 0 0 0 0.00415453605 0 1 0 0.161852703 0 -0.178055987 ;
0 0 0 0.0162394378 0 0 0 -0.0279158242 0 0 0 0.0414067836 0 0 1 -0.0762394378 0.178055987 0 ;
0 0 0 -1 0 0 0 0 0 0 0 0 0 0 0 1 0 0 ;
0 0 0 0 0 0 0 -0.995004165 0 0 0 -0.995004165 0 0 0 0 1 0 ;
0 0 0 0 0 0 0 0.0998334166 0 0 0 0.0998334166 0 0 0 0 0 1 ];
	RH_FOOT_joint_u = [0 0 0 -19.5523111 0 0 0 -2243.70748 0 0 0 -1322.87205 -14000.02 0 -1204.00172 91.7924143 2051.56136 -1067.35365 ]';
eef_pid_U = [-19.5523111 19.5523111 19.5523111 -19.5523111 2310.92888 -2310.92888 2243.70748 -2243.70748 1223.16438 -1223.16438 1322.87205 -1322.87205 ]';
	<< jumper_eef-PID-controller
	<< update_plugins()
Get: init.joint.limits.u --> [ 100000 100000 100000 100000 100000 100000 100000 100000 100000 100000 100000 100000]
U_NO_LIMIT = [-19.5523111 19.5523111 19.5523111 -19.5523111 2310.92888 -2310.92888 2243.70748 -2243.70748 1223.16438 -1223.16438 1322.87205 -1322.87205 ]';
U_WITH_LIMIT = [-19.5523111 19.5523111 19.5523111 -19.5523111 2310.92888 -2310.92888 2243.70748 -2243.70748 1223.16438 -1223.16438 1322.87205 -1322.87205 ]';
<< Controller::control(.)
>> Controller::control(.)
virtual_time = 0.001;

virtual_time_step = 0.001;

Set: generalized_q <-- [0.038658699, -0.038658902, -0.1417463, 0.14174652, 1.9468699, -1.9468699, 0.13827679, -0.13827679, 4.142131, -4.142131, 2.4553317, -2.4553316, 2.0217949, 1.2838067e-09, 0.17334173, 2.1317982e-09, -0.15573411, 5.1647572e-10, 0.98779901] 
Set: generalized_qd <-- [-61.341301, 61.341098, -41.746301, 41.746521, 1146.8699, -1146.8699, 938.27679, -938.27679, 2942.131, -2942.131, 3655.3317, -3655.3316, 21.794886, 1.2838067e-06, 1.3417254, 4.316171e-06, -315.30895, 1.0456888e-06] 
Set: generalized_qdd <-- [-61341.301, 61341.098, -41746.301, 41746.521, 1146869.9, -1146869.9, 938276.79, -938276.79, 2942131, -2942131, 3655331.7, -3655331.6, 21794.886, 0.0012838067, 1341.7254, 0.004316171, -315308.95, 0.0010456888] 
Set: generalized_fext <-- [-0.0046850989, 0.0046851225, -0.0061612693, 0.0061612786, 0.033572607, -0.033572608, -0.11194985, 0.11194985, 0.042847317, -0.042847317, 0.031575551, -0.03157555, -0, -0, -47.088, 1.5102561e-08, -0.15852115, -0] 
Set: base.xd <-- [21.7949, 1.28381e-06, 1.34173] 
Set: base.omega <-- [4.31617e-06, -315.309, 1.04569e-06] 
Set: base.xdd <-- [21794.9, 0.00128381, 1341.73] 
Set: base.alpha <-- [0.00431617, -315309, 0.00104569] 
Set: q <-- [0.038658699, -0.038658902, -0.1417463, 0.14174652, 1.9468699, -1.9468699, 0.13827679, -0.13827679, 4.142131, -4.142131, 2.4553317, -2.4553316] 
Set: qd <-- [-61.341301, 61.341098, -41.746301, 41.746521, 1146.8699, -1146.8699, 938.27679, -938.27679, 2942.131, -2942.131, 3655.3317, -3655.3316] 
Set: qdd <-- [-61341.301, 61341.098, -41746.301, 41746.521, 1146869.9, -1146869.9, 938276.79, -938276.79, 2942131, -2942131, 3655331.7, -3655331.6] 
Get: init.base.x --> [ 2 0 0.172 0 0 0]
Rotating base_link_frame saggitally by: theta = -0
Set: base_stability_frame <-- orientation: [ 0 -1 0 ] 0.312741   origin: [2.02179 1.28381e-09 0.173342]  relative pose: 0
Set: base_link_frame <-- orientation: [ 0 -1 0 ] 0.312741   origin: [2.02179 1.28381e-09 0.173342]  relative pose: 0
Set: roll_pitch_yaw <-- [0 0 -0.312741] 
Set: base_horizontal_frame <-- orientation: [ -0 -0 -1 ] 0.312741   origin: [2.02179 1.28381e-09 0.173342]  relative pose: 0
Get: init.end-effector.id --> [ LF_FOOT RF_FOOT LH_FOOT RH_FOOT]
Get: base_link_frame --> orientation: [ 0 -1 0 ] 0.312741   origin: [2.02179 1.28381e-09 0.173342]  relative pose: 0
Set: LF_FOOT.state.x <-- [0.211393, 0.062849, -0.0736597] 
Set: LF_FOOT.state.xd <-- [-27.768, 9.36026, -359] 
Set: LF_FOOT.state.xdd <-- [-27768, 9360.26, -359000] 
Set: RF_FOOT.state.x <-- [0.211393, -0.062849, -0.0736597] 
Set: RF_FOOT.state.xd <-- [-27.768, -9.36035, -359] 
Set: RF_FOOT.state.xdd <-- [-27768, -9360.35, -359000] 
Set: LH_FOOT.state.x <-- [-0.163688, 0.0506929, 0.0652197] 
Set: LH_FOOT.state.xd <-- [252.245, 39.5413, -296.556] 
Set: LH_FOOT.state.xdd <-- [252245, 39541.3, -296556] 
Set: RH_FOOT.state.x <-- [-0.163688, -0.0506929, 0.0652197] 
Set: RH_FOOT.state.xd <-- [252.245, -39.5414, -296.556] 
Set: RH_FOOT.state.xdd <-- [252245, -39541.4, -296556] 
Set: base.state.x <-- [2.02179, 1.28381e-09, 0.173342] 
Set: base.state.q <-- <0, -0.155734, 0> 0.987799
Set: base.state.xd <-- [165.281, 2.6498e-06, 617.955] 
Set: base.state.xdd <-- [0, 0, 0] 
Set: base.state.w <-- [4.42853e-06, -315.309, -3.32981e-07] 
Set: base.state.wd <-- [0, 0, 0] 
Set: mass <-- 4.8
Set: center_of_mass.x <-- [-0.00466333, -3.34284e-10, -0.00347985] 
Set: center_of_mass.xd <-- [4.31617e-06, -315.309, 1.04569e-06] 
Set: center_of_mass.xdd <-- [0, 0, 0] 
Set: zero_moment_point <-- [-0.00466333, -3.34284e-10, 0] 
Variable: "generalized_inertia" not found in data!

	>> update_plugins()
	>> jumper-planner
Get: jumper-planner.real-time-factor --> 1
Get: init.q --> [0.1, -0.1, -0.1, 0.1, 0.8, -0.8, -0.8, 0.8, 1.2, -1.2, -1.2, 1.2] 
Get: base_link_frame --> orientation: [ 0 -1 0 ] 0.312741   origin: [2.02179 1.28381e-09 0.173342]  relative pose: 0
Set: LF_FOOT.goal.x <-- [-1.85743, 0.0762394, 0.248324] 
Set: LF_FOOT.goal.xd <-- [0, 0, 0] 
Set: LF_FOOT.goal.xdd <-- [0, 0, 0] 
Set: LF_FOOT.stance <-- 1
Set: RF_FOOT.goal.x <-- [-1.85743, -0.0762394, 0.248324] 
Set: RF_FOOT.goal.xd <-- [0, 0, 0] 
Set: RF_FOOT.goal.xdd <-- [0, 0, 0] 
Set: RF_FOOT.stance <-- 1
Set: LH_FOOT.goal.x <-- [-2.19627, 0.0762394, 0.357888] 
Set: LH_FOOT.goal.xd <-- [0, 0, 0] 
Set: LH_FOOT.goal.xdd <-- [0, 0, 0] 
Set: LH_FOOT.stance <-- 1
Set: RH_FOOT.goal.x <-- [-2.19627, -0.0762394, 0.357888] 
Set: RH_FOOT.goal.xd <-- [0, 0, 0] 
Set: RH_FOOT.goal.xdd <-- [0, 0, 0] 
Set: RH_FOOT.stance <-- 1
	<< jumper-planner
	>> jumper
jumper_traj_theta = 30;

jumper_traj_alpha = 1;

jumper_traj_g = 9.81;

jumper_traj_r = 0.5;

jumper_time = 0.001;

	<< jumper
	>> jumper_joint-PID-controller
Get: jumper_joint-PID-controller.real-time-factor --> 1
Get: jumper.phase --> 0
	<< jumper_joint-PID-controller
	>> jumper_eef-PID-controller
	LF_FOOT_perr = [-2.06882809 0.0133904295 0.321983728 ]';
	LF_FOOT_derr = [27.7679972 -9.36025861 359.00019 ]';
	LF_FOOT_U = [-13926.4774 -93.4720316 9433.8914 ]';
	LF_FOOT_J = [ %6x18
-0.000876548305 0 0 0 -0.0512644516 0 0 0 0.0485266232 0 0 0 0.951493773 -1.68433582e-09 -0.307668003 -0.0193366285 -0.00504773362 -0.0598004388 ;
0.0736596748 0 0 0 0.0023727985 0 0 0 0.00379226803 0 0 0 3.5636101e-10 1 -4.37244213e-09 0.0736596746 8.98056016e-10 0.21139341 ;
0.00271081237 0 0 0 -0.0810514725 0 0 0 -0.0873543676 0 0 0 0.307668003 4.05071058e-09 0.951493773 0.0598004388 -0.223802239 -0.0193366275 ;
0.951493773 0 0 0 -0.0118910841 0 0 0 -0.0118910841 0 0 0 0 0 0 0.951493773 -1.68433582e-09 -0.307668003 ;
3.5636101e-10 0 0 0 0.999252845 0 0 0 0.999252845 0 0 0 0 0 0 3.5636101e-10 1 -4.37244213e-09 ;
0.307668003 0 0 0 0.0367743542 0 0 0 0.0367743542 0 0 0 0 0 0 0.307668003 4.05071058e-09 0.951493773 ];
	LF_FOOT_joint_u = [30.8956202 0 0 0 -50.9193531 0 0 0 -1500.25101 0 0 0 -10348.45 -93.47197 13261.0204 826.556844 -2041.02887 630.630443 ]';
	RF_FOOT_perr = [-2.06882809 -0.0133904179 0.321983729 ]';
	RF_FOOT_derr = [27.768 9.36034651 359.000189 ]';
	RF_FOOT_U = [-13926.4773 93.4738711 9433.89139 ]';
	RF_FOOT_J = [ %6x18
0 0.000876552671 0 0 0 0.0512644524 0 0 0 -0.0485266223 0 0 0.951493773 -1.68433582e-09 -0.307668003 0.0193366328 -0.00504773375 0.0598004524 ;
0 0.0736596751 0 0 0 0.00237281049 0 0 0 0.00379228708 0 0 3.5636101e-10 1 -4.37244213e-09 0.0736596753 8.98056017e-10 0.211393411 ;
0 -0.00271082604 0 0 0 0.0810514725 0 0 0 0.0873543673 0 0 0.307668003 4.05071058e-09 0.951493773 -0.0598004524 -0.223802239 0.0193366338 ;
0 0.951493773 0 0 0 -0.0118911432 0 0 0 -0.0118911432 0 0 0 0 0 0.951493773 -1.68433582e-09 -0.307668003 ;
0 3.5636101e-10 0 0 0 -0.999252838 0 0 0 -0.999252838 0 0 0 0 0 3.5636101e-10 1 -4.37244213e-09 ;
0 0.307668003 0 0 0 0.0367745393 0 0 0 0.0367745393 0 0 0 0 0 0.307668003 4.05071058e-09 0.951493773 ];
	RF_FOOT_joint_u = [0 -30.8956744 0 0 0 50.9193497 0 0 0 1500.251 0 0 -10348.4499 93.4739328 13261.0204 -826.556897 -2041.02886 -630.63018 ]';
	LH_FOOT_perr = [-2.03258515 0.0255465034 0.29266862 ]';
	LH_FOOT_derr = [-252.245025 -39.541344 296.555619 ]';
	LH_FOOT_U = [-19273.0369 -612.001101 7979.79392 ]';
	LH_FOOT_J = [ %6x18
0 0 -0.00286348666 0 0 0 0.0585157306 0 0 0 0.075568178 0 0.951493773 -1.68433582e-09 -0.307668003 -0.0155965935 0.0116946157 -0.0482340103 ;
0 0 0.0652196929 0 0 0 -0.00193371255 0 0 0 0.0120586551 0 3.5636101e-10 1 -4.37244213e-09 -0.0652196931 -6.92473925e-10 -0.163687857 ;
0 0 0.00885561606 0 0 0 0.0331625886 0 0 0 -0.064374213 0 0.307668003 4.05071058e-09 0.951493773 0.0482340103 0.175813989 -0.0155965943 ;
0 0 -0.951493773 0 0 0 -0.0434649116 0 0 0 -0.0434649116 0 0 0 0 0.951493773 -1.68433582e-09 -0.307668003 ;
0 0 -3.5636101e-10 0 0 0 0.989970802 0 0 0 0.989970802 0 0 0 0 3.5636101e-10 1 -4.37244213e-09 ;
0 0 -0.307668003 0 0 0 0.134419543 0 0 0 0.134419543 0 0 0 0 0.307668003 4.05071058e-09 0.951493773 ];
	LH_FOOT_joint_u = [0 0 85.9395514 0 0 0 -861.961776 0 0 0 -1977.50115 0 -15883.0473 -612.001036 13522.421 725.405708 1177.56864 905.3354 ]';
	RH_FOOT_perr = [-2.03258515 -0.0255465198 0.292668621 ]';
	RH_FOOT_derr = [-252.24503 39.5413941 296.555608 ]';
	RH_FOOT_U = [-19273.037 612.001987 7979.79371 ]';
	RH_FOOT_J = [ %6x18
0 0 0 0.00286349091 0 0 0 -0.058515732 0 0 0 -0.0755681781 0.951493773 -1.68433582e-09 -0.307668003 0.0155965892 0.0116946151 0.048233997 ;
0 0 0 0.0652196925 0 0 0 -0.00193371553 0 0 0 0.0120586728 3.5636101e-10 1 -4.37244213e-09 -0.0652196922 -6.92473928e-10 -0.163687857 ;
0 0 0 -0.00885562936 0 0 0 -0.0331625893 0 0 0 0.0643742097 0.307668003 4.05071058e-09 0.951493773 -0.048233997 0.17581399 0.0155965885 ;
0 0 0 -0.951493773 0 0 0 -0.0434649751 0 0 0 -0.0434649751 0 0 0 0.951493773 -1.68433582e-09 -0.307668003 ;
0 0 0 -3.5636101e-10 0 0 0 -0.989970772 0 0 0 -0.989970772 0 0 0 3.5636101e-10 1 -4.37244213e-09 ;
0 0 0 -0.307668003 0 0 0 0.134419742 0 0 0 0.134419742 0 0 0 0.307668003 4.05071058e-09 0.951493773 ];
	RH_FOOT_joint_u = [0 0 0 -85.9396803 0 0 0 861.961808 0 0 0 1977.50114 -15883.0475 612.002052 13522.4208 -725.405568 1177.56862 -905.335344 ]';
eef_pid_U = [30.8956202 -30.8956744 85.9395514 -85.9396803 -50.9193531 50.9193497 -861.961776 861.961808 -1500.25101 1500.251 -1977.50115 1977.50114 ]';
	<< jumper_eef-PID-controller
	<< update_plugins()
U_NO_LIMIT = [30.8956202 -30.8956744 85.9395514 -85.9396803 -50.9193531 50.9193497 -861.961776 861.961808 -1500.25101 1500.251 -1977.50115 1977.50114 ]';
U_WITH_LIMIT = [30.8956202 -30.8956744 85.9395514 -85.9396803 -50.9193531 50.9193497 -861.961776 861.961808 -1500.25101 1500.251 -1977.50115 1977.50114 ]';
<< Controller::control(.)
>> Controller::control(.)
virtual_time = 0.002;

virtual_time_step = 0.001;

Set: generalized_q <-- [0.26920839, -0.2692089, -0.64540789, 0.64542302, 0.089915212, -0.08991553, 4.0987837, -4.0987837, 4.1184523, -4.1184523, 1.4817301, -1.4817295, 2.076082, -5.8526549e-09, 0.15740683, -4.0434345e-08, -0.27068834, 1.7593681e-07, 0.96266704] 
Set: generalized_qd <-- [230.54969, -230.55, -503.66159, 503.6765, -1856.9547, 1856.9544, 3960.5069, -3960.5069, -23.678718, 23.67875, -973.60157, 973.60217, 54.287093, -7.1364616e-06, -15.934899, -0.00013947112, -236.56893, 0.00033515822] 
Set: generalized_qdd <-- [291891, -291891.09, -461915.29, 461929.98, -3003824.6, 3003824.2, 3022230.1, -3022230.1, -2965809.7, 2965809.8, -4628933.2, 4628933.8, 32492.208, -0.0084202683, -17276.624, -0.14378729, 78740.012, 0.33411253] 
Set: generalized_fext <-- [0.0067501331, -0.0067501464, 0.078035699, -0.078037321, 0.085586411, -0.085586413, 0.11146907, -0.11146872, -0.04187342, 0.041873408, -0.0089995217, 0.0089991971, -0, -0, -47.088, 1.7207172e-06, 0.38715118, -0] 
Set: base.xd <-- [54.2871, -7.13646e-06, -15.9349] 
Set: base.omega <-- [-0.000139471, -236.569, 0.000335158] 
Set: base.xdd <-- [32492.2, -0.00842027, -17276.6] 
Set: base.alpha <-- [-0.143787, 78740, 0.334113] 
Set: q <-- [0.26920839, -0.2692089, -0.64540789, 0.64542302, 0.089915212, -0.08991553, 4.0987837, -4.0987837, 4.1184523, -4.1184523, 1.4817301, -1.4817295] 
Set: qd <-- [230.54969, -230.55, -503.66159, 503.6765, -1856.9547, 1856.9544, 3960.5069, -3960.5069, -23.678718, 23.67875, -973.60157, 973.60217] 
Set: qdd <-- [291891, -291891.09, -461915.29, 461929.98, -3003824.6, 3003824.2, 3022230.1, -3022230.1, -2965809.7, 2965809.8, -4628933.2, 4628933.8] 
Get: init.base.x --> [ 2 0 0.172 0 0 0]
Rotating base_link_frame saggitally by: theta = -0
Set: base_stability_frame <-- orientation: [ -1.45646e-07 -1 6.4902e-07 ] 0.548216   origin: [2.07608 -5.85265e-09 0.157407]  relative pose: 0
Set: base_link_frame <-- orientation: [ -1.45646e-07 -1 6.4902e-07 ] 0.548216   origin: [2.07608 -5.85265e-09 0.157407]  relative pose: 0
Set: roll_pitch_yaw <-- [4.21335e-07 -2.00381e-07 -0.548216] 
Set: base_horizontal_frame <-- orientation: [ -0 -0 -1 ] 0.548216   origin: [2.07608 -5.85265e-09 0.157407]  relative pose: 0
Get: init.end-effector.id --> [ LF_FOOT RF_FOOT LH_FOOT RH_FOOT]
Get: base_link_frame --> orientation: [ -1.45646e-07 -1 6.4902e-07 ] 0.548216   origin: [2.07608 -5.85265e-09 0.157407]  relative pose: 0
Set: LF_FOOT.state.x <-- [0.201301, 0.0390988, 0.0757548] 
Set: LF_FOOT.state.xd <-- [-148.003, -42.4982, 85.9112] 
Set: LF_FOOT.state.xdd <-- [-495757, -25001.9, 4372.81] 
Set: RF_FOOT.state.x <-- [0.201301, -0.0390987, 0.0757548] 
Set: RF_FOOT.state.xd <-- [-148.003, 42.4983, 85.9112] 
Set: RF_FOOT.state.xdd <-- [-495757, 25001.9, 4372.92] 
Set: LH_FOOT.state.x <-- [-0.16873, 0.148053, -0.116939] 
Set: LH_FOOT.state.xd <-- [-516.833, 58.9683, 44.2555] 
Set: LH_FOOT.state.xdd <-- [-143256, 232450, -196296] 
Set: RH_FOOT.state.x <-- [-0.16873, -0.148055, -0.116938] 
Set: RH_FOOT.state.xd <-- [-516.834, -58.9695, 44.2575] 
Set: RH_FOOT.state.xdd <-- [-143256, -232455, -196291] 
Set: base.state.x <-- [2.07608, -5.85265e-09, 0.157407] 
Set: base.state.q <-- <-3.94248e-08, -0.270688, 1.75682e-07> 0.962667
Set: base.state.xd <-- [262.21, 0.000623963, 396.678] 
Set: base.state.xdd <-- [0, 0, 0] 
Set: base.state.w <-- [-2.94274e-05, -236.569, 0.000363273] 
Set: base.state.wd <-- [0, 0, 0] 
Set: mass <-- 4.8
Set: center_of_mass.x <-- [0.00722764, -3.92176e-08, -0.00394] 
Set: center_of_mass.xd <-- [-0.000139471, -236.569, 0.000335158] 
Set: center_of_mass.xdd <-- [0, 0, 0] 
Set: zero_moment_point <-- [0.00722764, -3.92176e-08, 0] 
Variable: "generalized_inertia" not found in data!

	>> update_plugins()
	>> jumper-planner
Get: jumper-planner.real-time-factor --> 1
Get: init.q --> [0.1, -0.1, -0.1, 0.1, 0.8, -0.8, -0.8, 0.8, 1.2, -1.2, -1.2, 1.2] 
Get: base_link_frame --> orientation: [ -1.45646e-07 -1 6.4902e-07 ] 0.548216   origin: [2.07608 -5.85265e-09 0.157407]  relative pose: 0
Set: LF_FOOT.goal.x <-- [-1.78627, 0.0762401, 0.716712] 
Set: LF_FOOT.goal.xd <-- [0, 0, 0] 
Set: LF_FOOT.goal.xdd <-- [0, 0, 0] 
Set: LF_FOOT.stance <-- 1
Set: RF_FOOT.goal.x <-- [-1.78627, -0.0762388, 0.716712] 
Set: RF_FOOT.goal.xd <-- [0, 0, 0] 
Set: RF_FOOT.goal.xdd <-- [0, 0, 0] 
Set: RF_FOOT.stance <-- 1
Set: LH_FOOT.goal.x <-- [-2.09019, 0.0762402, 0.902305] 
Set: LH_FOOT.goal.xd <-- [0, 0, 0] 
Set: LH_FOOT.goal.xdd <-- [0, 0, 0] 
Set: LH_FOOT.stance <-- 1
Set: RH_FOOT.goal.x <-- [-2.09019, -0.0762387, 0.902305] 
Set: RH_FOOT.goal.xd <-- [0, 0, 0] 
Set: RH_FOOT.goal.xdd <-- [0, 0, 0] 
Set: RH_FOOT.stance <-- 1
	<< jumper-planner
	>> jumper
jumper_traj_theta = 30;

jumper_traj_alpha = 1;

jumper_traj_g = 9.81;

jumper_traj_r = 0.5;

jumper_time = 0.002;

	<< jumper
	>> jumper_joint-PID-controller
Get: jumper_joint-PID-controller.real-time-factor --> 1
Get: jumper.phase --> 0
	<< jumper_joint-PID-controller
	>> jumper_eef-PID-controller
	LF_FOOT_perr = [-1.98756897 0.0371413176 0.640956954 ]';
	LF_FOOT_derr = [148.002828 42.498194 -85.9111666 ]';
	LF_FOOT_U = [-10952.9868 1109.95361 2768.48325 ]';
	LF_FOOT_J = [ %6x18
0.0108930174 0 0 0 0.0928423844 0 0 0 0.05046947 0 0 0 0.853455646 -3.16846924e-07 -0.521165483 -0.0203769115 0.169564493 -0.0333691399 ;
-0.0757548285 0 0 0 0.0136444622 0 0 0 -0.0128449369 0 0 0 3.60627347e-07 1 -1.73984629e-08 -0.0757548296 3.08215901e-08 0.201300936 ;
-0.0178382495 0 0 0 -0.00125013305 0 0 0 0.0853688479 0 0 0 0.521165483 -1.73097709e-07 0.853455646 0.0333690893 -0.132320631 -0.0203769704 ;
0.853455646 0 0 0 -0.138613869 0 0 0 -0.138613869 0 0 0 0 0 0 0.853455646 -3.16846924e-07 -0.521165483 ;
3.60627347e-07 0 0 0 0.963981736 0 0 0 0.963981736 0 0 0 0 0 0 3.60627347e-07 1 -1.73984629e-08 ;
0.521165483 0 0 0 0.226992088 0 0 0 0.226992088 0 0 0 0 0 0 0.521165483 -1.73097709e-07 0.853455646 ];
	LF_FOOT_joint_u = [-252.780316 0 0 0 -1005.21766 0 0 0 -330.706497 0 0 0 -7905.05011 1109.9566 8071.09629 231.485461 -2223.56507 532.513148 ]';
	RF_FOOT_perr = [-1.98756905 -0.0371400279 0.640956984 ]';
	RF_FOOT_derr = [148.002773 -42.498263 -85.9111644 ]';
	RF_FOOT_U = [-10952.9884 -1109.94596 2768.48351 ]';
	RF_FOOT_J = [ %6x18
0 -0.0108929869 0 0 0 -0.0928423862 0 0 0 -0.0504694904 0 0 0.853455646 -3.16846924e-07 -0.521165483 0.020376942 0.169564482 0.0333689837 ;
0 -0.0757548019 0 0 0 0.0136444349 0 0 0 -0.012845015 0 0 3.60627347e-07 1 -1.73984629e-08 -0.0757548009 3.08215806e-08 0.201300987 ;
0 0.0178383044 0 0 0 0.00125015047 0 0 0 -0.0853688241 0 0 0.521165483 -1.73097709e-07 0.853455646 -0.0333690344 -0.132320665 0.0203768832 ;
0 0.853455646 0 0 0 -0.138613511 0 0 0 -0.138613511 0 0 0 0 0 0.853455646 -3.16846924e-07 -0.521165483 ;
0 3.60627347e-07 0 0 0 -0.963981611 0 0 0 -0.963981611 0 0 0 0 0 3.60627347e-07 1 -1.73984629e-08 ;
0 0.521165483 0 0 0 0.226992837 0 0 0 0.226992837 0 0 0 0 0 0.521165483 -1.73097709e-07 0.853455646 ];
	RF_FOOT_joint_u = [0 252.779547 0 0 0 1005.21802 0 0 0 330.706835 0 0 -7905.05217 -1109.94297 8071.0974 -231.486296 -2223.56542 -532.510245 ]';
	LH_FOOT_perr = [-1.92146383 -0.0718130855 1.01924425 ]';
	LH_FOOT_derr = [516.833423 -58.9682666 -44.255456 ]';
	LH_FOOT_U = [-3113.63789 -1682.05739 6249.61201 ]';
	LH_FOOT_J = [ %6x18
0 0 0.0458903769 0 0 0 -0.132729855 0 0 0 -0.0869266164 0 0.853455646 -3.16846924e-07 -0.521165483 -0.0771603058 -0.18773865 -0.12635687 ;
0 0 -0.116939194 0 0 0 -0.0112665821 0 0 0 -0.0459034547 0 3.60627347e-07 1 -1.73984629e-08 0.116939193 -4.5107114e-08 -0.168730017 ;
0 0 -0.0751495646 0 0 0 -0.0635202352 0 0 0 0.0183476488 0 0.521165483 -1.73097709e-07 0.853455646 0.126356903 0.083058868 -0.0771602396 ;
0 0 -0.853455646 0 0 0 -0.313493973 0 0 0 -0.313493973 0 0 0 0 0.853455646 -3.16846924e-07 -0.521165483 ;
0 0 -3.60627347e-07 0 0 0 0.798854467 0 0 0 0.798854467 0 0 0 0 3.60627347e-07 1 -1.73984629e-08 ;
0 0 -0.521165483 0 0 0 0.5133742 0 0 0 0.5133742 0 0 0 0 0.521165483 -1.73097709e-07 0.853455646 ];
	LH_FOOT_joint_u = [0 0 -415.843201 0 0 0 35.2469173 0 0 0 462.535938 0 599.729616 -1682.05749 6956.48728 833.232438 1103.63595 195.021552 ]';
	RH_FOOT_perr = [-1.92146393 0.0718164337 1.01924296 ]';
	RH_FOOT_derr = [516.83352 58.9694647 -44.2575361 ]';
	RH_FOOT_U = [-3113.63662 1682.10479 6249.56136 ]';
	RH_FOOT_J = [ %6x18
0 0 0 -0.0458912397 0 0 0 0.132729795 0 0 0 0.0869263077 0.853455646 -3.16846924e-07 -0.521165483 0.0771611687 -0.187737523 0.126358511 ;
0 0 0 -0.116937903 0 0 0 -0.0112666768 0 0 0 -0.0459043037 3.60627347e-07 1 -1.73984629e-08 0.116937904 -4.51066463e-08 -0.168729868 ;
0 0 0 0.0751511394 0 0 0 0.0635204382 0 0 0 -0.018346987 0.521165483 -1.73097709e-07 0.853455646 -0.126358478 0.0830595064 0.0771612349 ;
0 0 0 -0.853455646 0 0 0 -0.313499766 0 0 0 -0.313499766 0 0 0 0.853455646 -3.16846924e-07 -0.521165483 ;
0 0 0 -3.60627347e-07 0 0 0 -0.798845386 0 0 0 -0.798845386 0 0 0 3.60627347e-07 1 -1.73984629e-08 ;
0 0 0 -0.521165483 0 0 0 0.513384793 0 0 0 0.513384793 0 0 0 0.521165483 -1.73097709e-07 0.853455646 ];
	RH_FOOT_joint_u = [0 0 0 415.848495 0 0 0 -35.2492064 0 0 0 -462.533405 599.705518 1682.1047 6956.44333 -833.235095 1103.63183 -195.031935 ]';
eef_pid_U = [-252.780316 252.779547 -415.843201 415.848495 -1005.21766 1005.21802 35.2469173 -35.2492064 -330.706497 330.706835 462.535938 -462.533405 ]';
	<< jumper_eef-PID-controller
	<< update_plugins()
U_NO_LIMIT = [-252.780316 252.779547 -415.843201 415.848495 -1005.21766 1005.21802 35.2469173 -35.2492064 -330.706497 330.706835 462.535938 -462.533405 ]';
U_WITH_LIMIT = [-252.780316 252.779547 -415.843201 415.848495 -1005.21766 1005.21802 35.2469173 -35.2492064 -330.706497 330.706835 462.535938 -462.533405 ]';
<< Controller::control(.)
compliant: 0
compliant: 0
>> Controller::control(.)
virtual_time = 0.003;

virtual_time_step = 0.001;

Set: generalized_q <-- [5.4157321, -5.4156927, -1.0940635, 1.0940483, -0.6956403, 0.69562299, 4.1817464, -4.1817547, 5.1572172, -5.1571947, 2.6030823, -2.6030752, 2.1659482, -3.0800009e-07, 0.1221532, -4.8090222e-06, -0.34926334, 2.2904409e-06, 0.93702461] 
Set: generalized_qd <-- [5146.5237, -5146.4838, -448.65556, 448.62533, -785.55552, 785.53852, 82.962699, -82.970997, 1038.765, -1038.7424, 1121.3522, -1121.3457, 89.86618, -0.00030214744, -35.253631, -0.010335597, -165.73144, 0.0015100596] 
Set: generalized_qdd <-- [4915974, -4915933.8, 55006.027, -55051.174, 1071399.2, -1071415.8, -3877544.2, 3877535.9, 1062443.7, -1062421.2, 2094953.7, -2094947.8, 35579.087, -0.29501098, -19318.733, -10.196126, 70837.493, 1.1749014] 
Set: generalized_fext <-- [-0.081776334, 0.081775959, 0.069408024, -0.069408869, -0.043545747, 0.043544409, 0.078547784, -0.078547525, -0.037053102, 0.037053101, -0.030358815, 0.030358464, -0, -0, -47.088, -8.1591469e-07, 0.14196801, -0] 
Set: base.xd <-- [89.8662, -0.000302147, -35.2536] 
Set: base.omega <-- [-0.0103356, -165.731, 0.00151006] 
Set: base.xdd <-- [35579.1, -0.295011, -19318.7] 
Set: base.alpha <-- [-10.1961, 70837.5, 1.1749] 
Set: q <-- [5.4157321, -5.4156927, -1.0940635, 1.0940483, -0.6956403, 0.69562299, 4.1817464, -4.1817547, 5.1572172, -5.1571947, 2.6030823, -2.6030752] 
Set: qd <-- [5146.5237, -5146.4838, -448.65556, 448.62533, -785.55552, 785.53852, 82.962699, -82.970997, 1038.765, -1038.7424, 1121.3522, -1121.3457] 
Set: qdd <-- [4915974, -4915933.8, 55006.027, -55051.174, 1071399.2, -1071415.8, -3877544.2, 3877535.9, 1062443.7, -1062421.2, 2094953.7, -2094947.8] 
Get: init.base.x --> [ 2 0 0.172 0 0 0]
Rotating base_link_frame saggitally by: theta = -0
Set: base_stability_frame <-- orientation: [ -1.3769e-05 -1 6.5579e-06 ] 0.71357   origin: [2.16595 -3.08e-07 0.122153]  relative pose: 0
Set: base_link_frame <-- orientation: [ -1.3769e-05 -1 6.5579e-06 ] 0.71357   origin: [2.16595 -3.08e-07 0.122153]  relative pose: 0
Set: roll_pitch_yaw <-- [1.01208e-05 -1.40368e-05 -0.71357] 
Set: base_horizontal_frame <-- orientation: [ -0 -0 -1 ] 0.71357   origin: [2.16595 -3.08e-07 0.122153]  relative pose: 0
Get: init.end-effector.id --> [ LF_FOOT RF_FOOT LH_FOOT RH_FOOT]
Get: base_link_frame --> orientation: [ -1.3769e-05 -1 6.5579e-06 ] 0.71357   origin: [2.16595 -3.08e-07 0.122153]  relative pose: 0
Set: LF_FOOT.state.x <-- [0.201945, 0.182761, 0.104104] 
Set: LF_FOOT.state.xd <-- [-25.8158, -484.986, 674.858] 
Set: LF_FOOT.state.xdd <-- [275371, -534106, 584548] 
Set: RF_FOOT.state.x <-- [0.201946, -0.182764, 0.104098] 
Set: RF_FOOT.state.xd <-- [-25.8142, 484.951, 674.866] 
Set: RF_FOOT.state.xdd <-- [275370, 534075, 584557] 
Set: LH_FOOT.state.x <-- [-0.187071, 0.0939064, -0.0175115] 
Set: LH_FOOT.state.xd <-- [50.7562, -82.2326, 61.7403] 
Set: LH_FOOT.state.xdd <-- [248712, -36451.1, 16463.2] 
Set: RH_FOOT.state.x <-- [-0.187071, -0.0939065, -0.0175122] 
Set: RH_FOOT.state.xd <-- [50.7556, 82.2319, 61.7405] 
Set: RH_FOOT.state.xdd <-- [248713, 36449.1, 16460.9] 
Set: base.state.x <-- [2.16595, -3.08e-07, 0.122153] 
Set: base.state.q <-- <-4.80902e-06, -0.349263, 2.29043e-06> 0.937025
Set: base.state.xd <-- [264.517, 0.000730803, 199.166] 
Set: base.state.xdd <-- [0, 0, 0] 
Set: base.state.w <-- [-0.00809375, -165.731, 0.00667821] 
Set: base.state.wd <-- [0, 0, 0] 
Set: mass <-- 4.8
Set: center_of_mass.x <-- [0.00561711, -3.96018e-08, 0.00188187] 
Set: center_of_mass.xd <-- [-0.0103356, -165.731, 0.00151006] 
Set: center_of_mass.xdd <-- [0, 0, 0] 
Set: zero_moment_point <-- [0.00561711, -3.96018e-08, 0] 
Variable: "generalized_inertia" not found in data!

	>> update_plugins()
	>> jumper-planner
Get: jumper-planner.real-time-factor --> 1
Get: init.q --> [0.1, -0.1, -0.1, 0.1, 0.8, -0.8, -0.8, 0.8, 1.2, -1.2, -1.2, 1.2] 
Get: base_link_frame --> orientation: [ -1.3769e-05 -1 6.5579e-06 ] 0.71357   origin: [2.16595 -3.08e-07 0.122153]  relative pose: 0
Set: LF_FOOT.goal.x <-- [-1.6888, 0.0762446, 1.08643] 
Set: LF_FOOT.goal.xd <-- [0, 0, 0] 
Set: LF_FOOT.goal.xdd <-- [0, 0, 0] 
Set: LF_FOOT.stance <-- 1
Set: RF_FOOT.goal.x <-- [-1.6888, -0.0762343, 1.08643] 
Set: RF_FOOT.goal.xd <-- [0, 0, 0] 
Set: RF_FOOT.goal.xdd <-- [0, 0, 0] 
Set: RF_FOOT.stance <-- 1
Set: LH_FOOT.goal.x <-- [-1.95803, 0.0762449, 1.31952] 
Set: LH_FOOT.goal.xd <-- [0, 0, 0] 
Set: LH_FOOT.goal.xdd <-- [0, 0, 0] 
Set: LH_FOOT.stance <-- 1
Set: RH_FOOT.goal.x <-- [-1.95803, -0.0762339, 1.31952] 
Set: RH_FOOT.goal.xd <-- [0, 0, 0] 
Set: RH_FOOT.goal.xdd <-- [0, 0, 0] 
Set: RH_FOOT.stance <-- 1
	<< jumper-planner
	>> jumper
jumper_traj_theta = 30;

jumper_traj_alpha = 1;

jumper_traj_g = 9.81;

jumper_traj_r = 0.5;

jumper_fwd_vel_des = 2.06103;

jumper_up_vel_des = 1.18994;

jumper_real_x = [2.16594816 -3.08000093e-07 0.122153195 ]';
jumper_real_xd = [89.86618 -0.000302147438 -35.2536315 ]';
jumper_real_xdd = [-0.0103355973 -165.731441 0.00151005962 ]';
jumper_spline_X = [1 1 ]';
jumper_spline_X = [0 0 ]';
jumper_spline_X = [0.179 1 ]';
jumper_xd_final = [2.06103241 0 1.18993762 ]';
jumper_x = [0.999969625 1.00968157e-10 0.179012405 ]';
jumper_xd = [90.048432 -0.000302753247 -35.3280615 ]';
jumper_xdd = [-729.007915 0.00242323578 297.720092 ]';
jumper_xd_final = [2.06103241 0 1.18993762 ]';
jumper_x = [1.86437236 -2.90748194e-06 -0.159532046 ]';
jumper_xd = [82.8689972 -0.000278884557 -32.3958126 ]';
jumper_xdd = [-706.879041 0.00235050234 288.729692 ]';
jumper_xd_final = [2.06103241 0 1.18993762 ]';
jumper_x = [2.6580872 -5.58001461e-06 -0.469203527 ]';
jumper_xd = [75.9108511 -0.000255743201 -29.5534677 ]';
jumper_xdd = [-684.750168 0.0022777689 279.739293 ]';
jumper_xd_final = [2.06103241 0 1.18993762 ]';
jumper_x = [3.38332702 -8.0247704e-06 -0.750901079 ]';
jumper_xd = [69.1739938 -0.000233329179 -26.8010267 ]';
jumper_xdd = [-662.621295 0.00220503546 270.748893 ]';
jumper_xd_final = [2.06103241 0 1.18993762 ]';
jumper_x = [4.0423047 -1.02490226e-05 -1.00552374 ]';
jumper_xd = [62.6584253 -0.000211642491 -24.1384898 ]';
jumper_xdd = [-640.492421 0.00213230202 261.758493 ]';
jumper_xd_final = [2.06103241 0 1.18993762 ]';
jumper_x = [4.63723315 -1.22600447e-05 -1.23397056 ]';
jumper_xd = [56.3641454 -0.000190683138 -21.5658569 ]';
jumper_xdd = [-618.363548 0.00205956858 252.768093 ]';
jumper_xd_final = [2.06103241 0 1.18993762 ]';
jumper_x = [5.17032524 -1.40651099e-05 -1.43714056 ]';
jumper_xd = [50.2911543 -0.00017045112 -19.0831279 ]';
jumper_xdd = [-596.234675 0.00198683514 243.777694 ]';
jumper_xd_final = [2.06103241 0 1.18993762 ]';
jumper_x = [5.64379386 -1.56714915e-05 -1.61593279 ]';
jumper_xd = [44.4394519 -0.000150946436 -16.690303 ]';
jumper_xdd = [-574.105801 0.0019141017 234.787294 ]';
jumper_xd_final = [2.06103241 0 1.18993762 ]';
jumper_x = [6.05985191 -1.7086463e-05 -1.7712463 ]';
jumper_xd = [38.8090383 -0.000132169086 -14.3873821 ]';
jumper_xdd = [-551.976928 0.00184136826 225.796894 ]';
jumper_xd_final = [2.06103241 0 1.18993762 ]';
jumper_x = [6.42071226 -1.83172977e-05 -1.90398012 ]';
jumper_xd = [33.3999134 -0.000114119071 -12.1743651 ]';
jumper_xdd = [-529.848055 0.00176863482 216.806494 ]';
jumper_xd_final = [2.06103241 0 1.18993762 ]';
jumper_x = [6.7285878 -1.93712689e-05 -2.01503328 ]';
jumper_xd = [28.2120772 -9.67963895e-05 -10.0512522 ]';
jumper_xdd = [-507.719181 0.00169590138 207.816095 ]';
jumper_xd_final = [2.06103241 0 1.18993762 ]';
jumper_x = [6.98569143 -2.02556499e-05 -2.10530484 ]';
jumper_xd = [23.2455297 -8.0201043e-05 -8.01804324 ]';
jumper_xdd = [-485.590308 0.00162316794 198.825695 ]';
jumper_xd_final = [2.06103241 0 1.18993762 ]';
jumper_x = [7.19423603 -2.09777142e-05 -2.17569383 ]';
jumper_xd = [18.500271 -6.43330308e-05 -6.07473829 ]';
jumper_xdd = [-463.461435 0.0015504345 189.835295 ]';
jumper_xd_final = [2.06103241 0 1.18993762 ]';
jumper_x = [7.35643448 -2.1544735e-05 -2.22709929 ]';
jumper_xd = [13.976301 -4.9192353e-05 -4.22133734 ]';
jumper_xdd = [-441.332561 0.00147770106 180.844895 ]';
jumper_xd_final = [2.06103241 0 1.18993762 ]';
jumper_x = [7.47449968 -2.19639857e-05 -2.26042025 ]';
jumper_xd = [9.67361978 -3.47790096e-05 -2.45784038 ]';
jumper_xdd = [-419.203688 0.00140496762 171.854496 ]';
jumper_xd_final = [2.06103241 0 1.18993762 ]';
jumper_x = [7.55064451 -2.22427396e-05 -2.27655577 ]';
jumper_xd = [5.59222727 -2.10930007e-05 -0.784247428 ]';
jumper_xdd = [-397.074815 0.00133223418 162.864096 ]';
jumper_xd_final = [2.06103241 0 1.18993762 ]';
jumper_x = [7.58708185 -2.23882702e-05 -2.27640488 ]';
jumper_xd = [1.73212349 -8.1343261e-06 0.799441531 ]';
jumper_xdd = [-374.945941 0.00125950074 153.873696 ]';
jumper_xd_final = [2.06103241 0 1.18993762 ]';
jumper_x = [7.5860246 -2.24078506e-05 -2.26086662 ]';
jumper_xd = [-1.90669156 4.09701407e-06 2.29322649 ]';
jumper_xdd = [-352.817068 0.0011867673 144.883296 ]';
jumper_xd_final = [2.06103241 0 1.18993762 ]';
jumper_x = [7.54968565 -2.23087543e-05 -2.23084003 ]';
jumper_xd = [-5.32421787 1.56010198e-05 3.69710746 ]';
jumper_xdd = [-330.688195 0.00111403386 135.892897 ]';
jumper_xd_final = [2.06103241 0 1.18993762 ]';
jumper_x = [7.48027788 -2.20982547e-05 -2.18722415 ]';
jumper_xd = [-8.52045545 2.63776912e-05 5.01108442 ]';
jumper_xdd = [-308.559321 0.00104130042 126.902497 ]';
jumper_xd_final = [2.06103241 0 1.18993762 ]';
jumper_x = [7.38001417 -2.17836249e-05 -2.13091802 ]';
jumper_xd = [-11.4954043 3.64270282e-05 6.23515739 ]';
jumper_xdd = [-286.430448 0.000968566977 117.912097 ]';
jumper_xd_final = [2.06103241 0 1.18993762 ]';
jumper_x = [7.25110742 -2.13721385e-05 -2.06282069 ]';
jumper_xd = [-14.2490644 4.57490307e-05 7.36932636 ]';
jumper_xdd = [-264.301575 0.000895833537 108.921697 ]';
jumper_xd_final = [2.06103241 0 1.18993762 ]';
jumper_x = [7.09577051 -2.08710688e-05 -1.98383118 ]';
jumper_xd = [-16.7814358 5.43436989e-05 8.41359134 ]';
jumper_xdd = [-242.172701 0.000823100097 99.9312976 ]';
jumper_xd_final = [2.06103241 0 1.18993762 ]';
jumper_x = [6.91621633 -2.0287689e-05 -1.89484854 ]';
jumper_xd = [-19.0925184 6.22110327e-05 9.36795232 ]';
jumper_xdd = [-220.043828 0.000750366657 90.9408978 ]';
jumper_xd_final = [2.06103241 0 1.18993762 ]';
jumper_x = [6.71465777 -1.96292726e-05 -1.79677181 ]';
jumper_xd = [-21.1823123 6.9351032e-05 10.2324093 ]';
jumper_xdd = [-197.914955 0.000677633217 81.9504981 ]';
jumper_xd_final = [2.06103241 0 1.18993762 ]';
jumper_x = [6.49330771 -1.89030928e-05 -1.69050003 ]';
jumper_xd = [-23.0508175 7.5763697e-05 11.0069623 ]';
jumper_xdd = [-175.786081 0.000604899777 72.9600983 ]';
jumper_xd_final = [2.06103241 0 1.18993762 ]';
jumper_x = [6.25437905 -1.81164231e-05 -1.57693224 ]';
jumper_xd = [-24.698034 8.14490276e-05 11.6916113 ]';
jumper_xdd = [-153.657208 0.000532166336 63.9696986 ]';
jumper_xd_final = [2.06103241 0 1.18993762 ]';
jumper_x = [6.00008466 -1.72765367e-05 -1.45696749 ]';
jumper_xd = [-26.1239617 8.64070237e-05 12.2863562 ]';
jumper_xdd = [-131.528335 0.000459432896 54.9792988 ]';
jumper_xd_final = [2.06103241 0 1.18993762 ]';
jumper_x = [5.73263745 -1.63907071e-05 -1.3315048 ]';
jumper_xd = [-27.3286007 9.06376855e-05 12.7911972 ]';
jumper_xdd = [-109.399461 0.000386699456 45.9888991 ]';
jumper_xd_final = [2.06103241 0 1.18993762 ]';
jumper_x = [5.45425028 -1.54662074e-05 -1.20144322 ]';
jumper_xd = [-28.3119509 9.41410129e-05 13.2061342 ]';
jumper_xdd = [-87.2705879 0.000313966016 36.9984993 ]';
jumper_xd_final = [2.06103241 0 1.18993762 ]';
jumper_x = [5.16713606 -1.45103112e-05 -1.0676818 ]';
jumper_xd = [-29.0740124 9.69170058e-05 13.5311672 ]';
jumper_xdd = [-65.1417145 0.000241232576 28.0080996 ]';
jumper_xd_final = [2.06103241 0 1.18993762 ]';
jumper_x = [4.87350766 -1.35302918e-05 -0.931119558 ]';
jumper_xd = [-29.6147852 9.89656644e-05 13.7662962 ]';
jumper_xdd = [-43.0128412 0.000168499136 19.0176998 ]';
jumper_xd_final = [2.06103241 0 1.18993762 ]';
jumper_x = [4.57557798 -1.25334224e-05 -0.792655551 ]';
jumper_xd = [-29.9342692 0.000100286989 13.9115212 ]';
jumper_xdd = [-20.8839679 9.57656961e-05 10.0273001 ]';
jumper_xd_final = [2.06103241 0 1.18993762 ]';
jumper_x = [4.27555991 -1.15269765e-05 -0.653188813 ]';
jumper_xd = [-30.0324646 0.000100880978 13.9668422 ]';
jumper_xdd = [1.24490547 2.3032256e-05 1.03690033 ]';
jumper_xd_final = [2.06103241 0 1.18993762 ]';
jumper_x = [3.97566632 -1.05182273e-05 -0.513618386 ]';
jumper_xd = [-29.9093711 0.000100747634 13.9322592 ]';
jumper_xdd = [23.3737788 -4.9701184e-05 -7.95349941 ]';
jumper_xd_final = [2.06103241 0 1.18993762 ]';
jumper_x = [3.67811011 -9.51444823e-06 -0.374843309 ]';
jumper_xd = [-29.564989 9.98869546e-05 13.8077722 ]';
jumper_xdd = [45.5026522 -0.000122434624 -16.9438992 ]';
jumper_xd_final = [2.06103241 0 1.18993762 ]';
jumper_x = [3.38510417 -8.52291264e-06 -0.237762621 ]';
jumper_xd = [-28.9993181 9.82989412e-05 13.5933812 ]';
jumper_xdd = [67.6315255 -0.000195168064 -25.9342989 ]';
jumper_xd_final = [2.06103241 0 1.18993762 ]';
jumper_x = [3.09886138 -7.55089385e-06 -0.103275364 ]';
jumper_xd = [-28.2123585 9.59835933e-05 13.2890863 ]';
jumper_xdd = [89.7603988 -0.000267901504 -34.9246987 ]';
jumper_xd_final = [2.06103241 0 1.18993762 ]';
jumper_x = [2.82159463 -6.60566522e-06 0.0277194237 ]';
jumper_xd = [-27.2041101 9.29409111e-05 12.8948873 ]';
jumper_xdd = [111.889272 -0.000340634944 -43.9150984 ]';
jumper_xd_final = [2.06103241 0 1.18993762 ]';
jumper_x = [2.55551681 -5.69450008e-06 0.154322701 ]';
jumper_xd = [-25.974573 8.91708945e-05 12.4107843 ]';
jumper_xdd = [134.018146 -0.000413368384 -52.9054982 ]';
jumper_xd_final = [2.06103241 0 1.18993762 ]';
jumper_x = [2.3028408 -4.82467178e-06 0.275635429 ]';
jumper_xd = [-24.5237472 8.46735434e-05 11.8367773 ]';
jumper_xdd = [156.147019 -0.000486101824 -61.8958979 ]';
jumper_xd_final = [2.06103241 0 1.18993762 ]';
jumper_x = [2.06577949 -4.00345366e-06 0.390758568 ]';
jumper_xd = [-22.8516327 7.9448858e-05 11.1728663 ]';
jumper_xdd = [178.275892 -0.000558835264 -70.8862976 ]';
jumper_xd_final = [2.06103241 0 1.18993762 ]';
jumper_x = [1.84654577 -3.23811907e-06 0.498793076 ]';
jumper_xd = [-20.9582294 7.34968381e-05 10.4190514 ]';
jumper_xdd = [200.404766 -0.000631568705 -79.8766974 ]';
jumper_xd_final = [2.06103241 0 1.18993762 ]';
jumper_x = [1.64735253 -2.53594134e-06 0.598839915 ]';
jumper_xd = [-18.8435373 6.68174839e-05 9.57533238 ]';
jumper_xdd = [222.533639 -0.000704302145 -88.8670971 ]';
jumper_xd_final = [2.06103241 0 1.18993762 ]';
jumper_x = [1.47041266 -1.90419384e-06 0.690000044 ]';
jumper_xd = [-16.5075566 5.94107952e-05 8.64170941 ]';
jumper_xdd = [244.662512 -0.000777035585 -97.8574969 ]';
jumper_xd_final = [2.06103241 0 1.18993762 ]';
jumper_x = [1.31793903 -1.35014989e-06 0.771374423 ]';
jumper_xd = [-13.9502871 5.12767722e-05 7.61818244 ]';
jumper_xdd = [266.791386 -0.000849769025 -106.847897 ]';
jumper_xd_final = [2.06103241 0 1.18993762 ]';
jumper_x = [1.19214454 -8.81082842e-07 0.842064013 ]';
jumper_xd = [-11.1717289 4.24154147e-05 6.50475148 ]';
jumper_xdd = [288.920259 -0.000922502465 -115.838296 ]';
jumper_xd_final = [2.06103241 0 1.18993762 ]';
jumper_x = [1.09524208 -5.04266041e-07 0.901169773 ]';
jumper_xd = [-8.17188192 3.28267229e-05 5.30141652 ]';
jumper_xdd = [311.049132 -0.000995235905 -124.828696 ]';
jumper_xd_final = [2.06103241 0 1.18993762 ]';
jumper_x = [1.02944453 -2.26972832e-07 0.947792663 ]';
jumper_xd = [-4.95074623 2.25106966e-05 4.00817756 ]';
jumper_xdd = [333.178006 -0.00106796934 -133.819096 ]';
jumper_xd_final = [2.06103241 0 1.18993762 ]';
jumper_x = [0.996964786 -5.64765565e-08 0.981033644 ]';
jumper_xd = [-1.50832181 1.1467336e-05 2.6250346 ]';
jumper_xdd = [355.306879 -0.00114070278 -142.809496 ]';
jumper_vel_base = [89.86618 -0.000302147438 -35.2536315 -0.0103355973 -165.731441 0.00151005962 ]';
jumper_vb_des:  = [87.8713662 -0.00029551627 -34.4389469 0 0 0 ]';
vel_base_dot = [-199.481377 0.000663116834 81.4684573 1.03355973 16573.1441 -0.151005962 ]';
viip_fb = [0 0 333.918785 -333.888598 0 0 -136.657685 136.666407 0 0 -215.509488 215.509555 ]';
jumper_time = 0.003;

	<< jumper
	>> jumper_joint-PID-controller
Get: jumper_joint-PID-controller.real-time-factor --> 1
Get: jumper.phase --> 1
	<< jumper_joint-PID-controller
	>> jumper_eef-PID-controller
	LF_FOOT_perr = [-1.89074357 -0.106516142 0.982328367 ]';
	LF_FOOT_derr = [25.8157716 484.986281 -674.857746 ]';
	LF_FOOT_U = [-12718.969 8954.11207 -6620.83862 ]';
	LF_FOOT_J = [ %6x18
-0.0803513224 0 0 0 0.143680055 0 0 0 0.0627306881 0 0 0 0.756030239 -9.33168581e-07 -0.65453669 -0.119623524 0.210886 -0.138172847 ;
-0.104102602 0 0 0 -0.0396168634 0 0 0 0.0189299718 0 0 0 7.65162924e-06 1 7.4124103e-06 -0.104102158 -7.00339807e-07 0.201943883 ;
0.0928119492 0 0 0 0.079953755 0 0 0 0.0755414915 0 0 0 0.65453669 -1.06122784e-05 0.756030239 0.138173764 -0.0845371712 -0.119625764 ;
0.756030239 0 0 0 0.499204192 0 0 0 0.499204192 0 0 0 0 0 0 0.756030239 -9.33168581e-07 -0.65453669 ;
7.65162924e-06 0 0 0 0.646765405 0 0 0 0.646765405 0 0 0 0 0 0 7.65162924e-06 1 7.4124103e-06 ;
0.65453669 0 0 0 -0.576619186 0 0 0 -0.576619186 0 0 0 0 0 0 0.65453669 -1.06122784e-05 0.756030239 ];
	LF_FOOT_joint_u = [-524.653325 0 0 0 -2711.55692 0 0 0 -1128.51662 0 0 0 -13949.4385 8954.1942 3319.54406 -325.480681 -2122.5518 4357.66721 ]';
	RF_FOOT_perr = [-1.89074534 0.106529491 0.982333024 ]';
	RF_FOOT_derr = [25.8142052 -484.950975 -674.865962 ]';
	RF_FOOT_U = [-12719.0128 -8953.31251 -6620.97033 ]';
	RF_FOOT_J = [ %6x18
0 0.0803534766 0 0 0 -0.143678111 0 0 0 -0.0627309001 0 0 0.756030239 -9.33168581e-07 -0.65453669 0.119625678 0.210882019 0.138174734 ;
0 -0.104098635 0 0 0 -0.0396206147 0 0 0 0.0189292706 0 0 7.65162924e-06 1 7.4124103e-06 -0.10409908 -7.00388566e-07 0.201947284 ;
0 -0.0928120036 0 0 0 -0.0799528456 0 0 0 -0.0755414912 0 0 0.65453669 -1.06122784e-05 0.756030239 -0.138173818 -0.0845414157 0.119623438 ;
0 0.756030239 0 0 0 0.499222101 0 0 0 0.499222101 0 0 0 0 0 0.756030239 -9.33168581e-07 -0.65453669 ;
0 7.65162924e-06 0 0 0 -0.646746619 0 0 0 -0.646746619 0 0 0 0 0 7.65162924e-06 1 7.4124103e-06 ;
0 0.65453669 0 0 0 -0.576624751 0 0 0 -0.576624751 0 0 0 0 0 0.65453669 -1.06122784e-05 0.756030239 ];
	RF_FOOT_joint_u = [0 524.51624 0 0 0 2711.54489 0 0 0 1128.55341 0 0 -13949.6948 -8953.23038 3319.34037 325.355818 -2122.45862 -4357.56659 ]';
	LH_FOOT_perr = [-1.77095912 -0.0176615013 1.33703174 ]';
	LH_FOOT_derr = [-50.7561513 82.232627 -61.7402886 ]';
	LH_FOOT_U = [-13411.9142 1521.02139 8124.44114 ]';
	LH_FOOT_J = [ %6x18
0 0 0.0221930308 0 0 0 -0.0399854778 0 0 0 0.0100203202 0 0.756030239 -9.33168581e-07 -0.65453669 -0.0614652322 -0.135683787 -0.07099594 ;
0 0 -0.0175117536 0 0 0 -0.0329373397 0 0 0 -0.077902339 0 7.65162924e-06 1 7.4124103e-06 0.0175121984 1.25265241e-06 -0.187071304 ;
0 0 -0.0256341144 0 0 0 -0.0121169922 0 0 0 0.0618936084 0 0.65453669 -1.06122784e-05 0.756030239 0.0709959287 0.129969099 -0.0614632306 ;
0 0 -0.756030239 0 0 0 -0.581555542 0 0 0 -0.581555542 0 0 0 0 0.756030239 -9.33168581e-07 -0.65453669 ;
0 0 -7.65162924e-06 0 0 0 0.458885379 0 0 0 0.458885379 0 0 0 0 7.65162924e-06 1 7.4124103e-06 ;
0 0 -0.65453669 0 0 0 0.671727148 0 0 0 0.671727148 0 0 0 0 0.65453669 -1.06122784e-05 0.756030239 ];
	LH_FOOT_joint_u = [0 0 -532.54963 0 0 0 387.739607 0 0 0 249.968181 0 -4822.05621 1520.94769 14920.9243 1427.80509 2875.7075 168.297598 ]';
	RH_FOOT_perr = [-1.77095963 0.0176725356 1.33703126 ]';
	RH_FOOT_derr = [-50.7556127 -82.231919 -61.7405073 ]';
	RH_FOOT_U = [-13411.9069 -1520.92999 8124.43346 ]';
	RH_FOOT_J = [ %6x18
0 0 0 -0.0221930085 0 0 0 0.0399863008 0 0 0 -0.0100194999 0.756030239 -9.33168581e-07 -0.65453669 0.0614652099 -0.135684714 0.0709963011 ;
0 0 0 -0.0175119078 0 0 0 -0.0329373349 0 0 0 -0.0779030132 7.65162924e-06 1 7.4124103e-06 0.0175114631 1.25265226e-06 -0.187070524 ;
0 0 0 0.025634498 0 0 0 0.0121172936 0 0 0 -0.0618928926 0.65453669 -1.06122784e-05 0.756030239 -0.0709963124 0.129969166 0.0614672114 ;
0 0 0 -0.756030239 0 0 0 -0.581550149 0 0 0 -0.581550149 0 0 0 0.756030239 -9.33168581e-07 -0.65453669 ;
0 0 0 -7.65162924e-06 0 0 0 -0.458885627 0 0 0 -0.458885627 0 0 0 7.65162924e-06 1 7.4124103e-06 ;
0 0 0 -0.65453669 0 0 0 0.671731647 0 0 0 0.671731647 0 0 0 0.65453669 -1.06122784e-05 0.756030239 ];
	RH_FOOT_joint_u = [0 0 0 532.550724 0 0 0 -387.751019 0 0 0 -249.979058 -4822.07907 -1521.00369 14920.8913 -1427.8042 2875.71469 -168.288343 ]';
eef_pid_U = [-524.653325 524.51624 -532.54963 532.550724 -2711.55692 2711.54489 387.739607 -387.751019 -1128.51662 1128.55341 249.968181 -249.979058 ]';
	<< jumper_eef-PID-controller
	<< update_plugins()
U_NO_LIMIT = [-524.653325 524.51624 -198.630845 198.662126 -2711.55692 2711.54489 251.081922 -251.084612 -1128.51662 1128.55341 34.4586928 -34.4695029 ]';
U_WITH_LIMIT = [-524.653325 524.51624 -198.630845 198.662126 -2711.55692 2711.54489 251.081922 -251.084612 -1128.51662 1128.55341 34.4586928 -34.4695029 ]';
<< Controller::control(.)
compliant: 0
compliant: 0
compliant: 0
compliant: 0
compliant: 0
compliant: 0
>> Controller::control(.)
virtual_time = 0.004;

virtual_time_step = 0.001;

Set: generalized_q <-- [12.22413, -12.224276, -1.0600253, 1.0600114, -23.043294, 23.043305, 4.8626507, -4.8626517, 47.791608, -47.790128, 1.7081946, -1.7081765, 2.3393255, 4.6451451e-07, 0.067524185, -5.562864e-06, 0.65428669, 1.1184153e-06, 0.7562466] 
Set: generalized_qd <-- [6808.398, -6808.5833, 34.038189, -34.036996, -22347.654, 22347.682, 680.90433, -680.89706, 42634.391, -42632.933, -894.88764, 894.89869, 173.37732, 0.0007725146, -54.62901, -0.0087721811, 2220.8226, -0.014616771] 
Set: generalized_qdd <-- [1661874.3, -1662099.6, 482693.75, -482662.32, -21562098, 21562143, 597941.63, -597926.06, 41595626, -41594191, -2016239.8, 2016244.4, 83511.14, 1.074662, -19375.379, 1.5634161, 2386554.1, -16.126831] 
Set: generalized_fext <-- [0.0052810569, -0.0052742309, 0.016507346, -0.01650821, -0.11198763, 0.11192519, -0.13506401, 0.13506409, 0.024363938, -0.02442782, 0.010464202, -0.010463875, -0, -0, -47.088, 3.9520952e-05, -0.35899391, -0] 
Set: base.xd <-- [173.377, 0.000772515, -54.629] 
Set: base.omega <-- [-0.00877218, 2220.82, -0.0146168] 
Set: base.xdd <-- [83511.1, 1.07466, -19375.4] 
Set: base.alpha <-- [1.56342, 2.38655e+06, -16.1268] 
Set: q <-- [12.22413, -12.224276, -1.0600253, 1.0600114, -23.043294, 23.043305, 4.8626507, -4.8626517, 47.791608, -47.790128, 1.7081946, -1.7081765] 
Set: qd <-- [6808.398, -6808.5833, 34.038189, -34.036996, -22347.654, 22347.682, 680.90433, -680.89706, 42634.391, -42632.933, -894.88764, 894.89869] 
Set: qdd <-- [1661874.3, -1662099.6, 482693.75, -482662.32, -21562098, 21562143, 597941.63, -597926.06, 41595626, -41594191, -2016239.8, 2016244.4] 
Get: init.base.x --> [ 2 0 0.172 0 0 0]
Rotating base_link_frame saggitally by: theta = -0
Set: base_stability_frame <-- orientation: [ -8.50216e-06 1 1.70928e-06 ] 1.42648   origin: [2.33933 4.64515e-07 0.0675242]  relative pose: 0
Set: base_link_frame <-- orientation: [ -8.50216e-06 1 1.70928e-06 ] 1.42648   origin: [2.33933 4.64515e-07 0.0675242]  relative pose: 0
Set: roll_pitch_yaw <-- [-3.88539e-05 -4.83272e-05 1.42648] 
Set: base_horizontal_frame <-- orientation: [ 0 0 1 ] 1.42648   origin: [2.33933 4.64515e-07 0.0675242]  relative pose: 0
Get: init.end-effector.id --> [ LF_FOOT RF_FOOT LH_FOOT RH_FOOT]
Get: base_link_frame --> orientation: [ -8.50216e-06 1 1.70928e-06 ] 1.42648   origin: [2.33933 4.64515e-07 0.0675242]  relative pose: 0
Set: LF_FOOT.state.x <-- [0.19313, 0.0434395, -0.0464842] 
Set: LF_FOOT.state.xd <-- [2701.68, -686.419, -2927.84] 
Set: LF_FOOT.state.xdd <-- [2.62396e+06, -904706, -2.78382e+06] 
Set: RF_FOOT.state.x <-- [0.193075, -0.0434925, -0.046357] 
Set: RF_FOOT.state.xd <-- [2704.44, 686.433, -2926.41] 
Set: RF_FOOT.state.xdd <-- [2.62669e+06, 904076, -2.78267e+06] 
Set: LH_FOOT.state.x <-- [-0.260861, 0.121504, -0.034465] 
Set: LH_FOOT.state.xd <-- [-73.3941, 7.83507, -7.14142] 
Set: LH_FOOT.state.xdd <-- [-99358.8, 94199.2, -91796.5] 
Set: RH_FOOT.state.x <-- [-0.260861, -0.121505, -0.0344667] 
Set: RH_FOOT.state.xd <-- [-73.3935, -7.83665, -7.14244] 
Set: RH_FOOT.state.xdd <-- [-99355.5, -94201.1, -91797.9] 
Set: base.state.x <-- [2.33933, 4.64515e-07, 0.0675242] 
Set: base.state.q <-- <-5.56285e-06, 0.654287, 1.11836e-06> 0.756247
Set: base.state.xd <-- [5241.78, 0.000759028, -435.048] 
Set: base.state.xdd <-- [0, 0, 0] 
Set: base.state.w <-- [0.000793508, 2220.82, 0.0111524] 
Set: base.state.wd <-- [0, 0, 0] 
Set: mass <-- 4.8
Set: center_of_mass.x <-- [-0.0041008, -7.92006e-07, -0.00710802] 
Set: center_of_mass.xd <-- [-0.00877218, 2220.82, -0.0146168] 
Set: center_of_mass.xdd <-- [0, 0, 0] 
Set: zero_moment_point <-- [-0.0041008, -7.92006e-07, 0] 
Variable: "generalized_inertia" not found in data!

	>> update_plugins()
	>> jumper-planner
Get: jumper-planner.real-time-factor --> 1
Get: init.q --> [0.1, -0.1, -0.1, 0.1, 0.8, -0.8, -0.8, 0.8, 1.2, -1.2, -1.2, 1.2] 
Get: base_link_frame --> orientation: [ -8.50216e-06 1 1.70928e-06 ] 1.42648   origin: [2.33933 4.64515e-07 0.0675242]  relative pose: 0
Set: LF_FOOT.goal.x <-- [-0.0838372, 0.07626, -2.17179] 
Set: LF_FOOT.goal.xd <-- [0, 0, 0] 
Set: LF_FOOT.goal.xdd <-- [0, 0, 0] 
Set: LF_FOOT.stance <-- 1
Set: RF_FOOT.goal.x <-- [-0.0838364, -0.0762189, -2.17179] 
Set: RF_FOOT.goal.xd <-- [0, 0, 0] 
Set: RF_FOOT.goal.xdd <-- [0, 0, 0] 
Set: RF_FOOT.stance <-- 1
Set: LH_FOOT.goal.x <-- [-0.135053, 0.0762632, -2.5242] 
Set: LH_FOOT.goal.xd <-- [0, 0, 0] 
Set: LH_FOOT.goal.xdd <-- [0, 0, 0] 
Set: LH_FOOT.stance <-- 1
Set: RH_FOOT.goal.x <-- [-0.135052, -0.0762157, -2.5242] 
Set: RH_FOOT.goal.xd <-- [0, 0, 0] 
Set: RH_FOOT.goal.xdd <-- [0, 0, 0] 
Set: RH_FOOT.stance <-- 1
	<< jumper-planner
	>> jumper
jumper_traj_theta = 30;

jumper_traj_alpha = 1;

jumper_traj_g = 9.81;

jumper_traj_r = 0.5;

jumper_fwd_vel_des = 2.06103;

jumper_up_vel_des = 1.18994;

jumper_real_x = [2.33932548 4.64514509e-07 0.067524185 ]';
jumper_real_xd = [173.37732 0.000772514603 -54.62901 ]';
jumper_real_xdd = [-0.00877218113 2220.82265 -0.0146167714 ]';
jumper_vel_base = [173.37732 0.000772514603 -54.62901 -0.00877218113 2220.82265 -0.0146167714 ]';
jumper_vb_des:  = [87.1501034 -0.000293118491 -34.1443735 0 0 0 ]';
vel_base_dot = [-8622.72166 -0.106563309 2048.46366 0.877218113 -222082.265 1.46167714 ]';
viip_fb = [1339.70681 -1338.29048 331.869419 -331.716693 1373.24925 -1371.92096 11903.3007 -11903.6876 5237.78846 -5235.64914 5985.47241 -5985.80349 ]';
jumper_time = 0.004;

	<< jumper
	>> jumper_joint-PID-controller
Get: jumper_joint-PID-controller.real-time-factor --> 1
Get: jumper.phase --> 1
	<< jumper_joint-PID-controller
	>> jumper_eef-PID-controller
	LF_FOOT_perr = [-0.276967693 0.0328204181 -2.12530481 ]';
	LF_FOOT_derr = [-2701.67819 686.419496 2927.83925 ]';
	LF_FOOT_U = [-55972.4199 13958.1326 43679.6478 ]';
	LF_FOOT_J = [ %6x18
-0.0163887193 0 0 0 -0.0473034491 0 0 0 -0.0810234726 0 0 0 0.143817854 -8.97101135e-06 0.989604176 0.0429875312 -0.197807966 -0.00624911374 ;
0.0464840801 0 0 0 -0.0144746385 0 0 0 -0.0311114997 0 0 0 -5.58782018e-06 1 9.87732257e-06 0.0464846727 -1.64786618e-06 0.193130695 ;
-0.00238201318 0 0 0 0.0429899783 0 0 0 -0.0496716365 0 0 0 -0.989604176 -6.95026553e-06 0.143817854 0.00624705808 0.0182253944 0.0429866059 ;
0.143817854 0 0 0 -0.332118081 0 0 0 -0.332118081 0 0 0 0 0 0 0.143817854 -8.97101135e-06 0.989604176 ;
-5.58782018e-06 0 0 0 0.942001822 0 0 0 0.942001822 0 0 0 0 0 0 -5.58782018e-06 1 9.87732257e-06 ;
-0.989604176 0 0 0 -0.0482715966 0 0 0 -0.0482715966 0 0 0 0 0 0 -0.989604176 -6.95026553e-06 0.143817854 ];
	LF_FOOT_joint_u = [1462.10174 0 0 0 4323.43671 0 0 0 1931.18181 0 0 0 -51275.4732 13958.3312 -49108.4894 -1484.40763 11867.8463 4923.16167 ]';
	RF_FOOT_perr = [-0.276911751 -0.0327264263 -2.12543357 ]';
	RF_FOOT_derr = [-2704.43982 -686.432841 2926.40938 ]';
	RF_FOOT_U = [-56027.2608 -13957.7416 43650.1491 ]';
	RF_FOOT_J = [ %6x18
0 0.0163354818 0 0 0 0.047234642 0 0 0 0.0809564197 0 0 0.143817854 -8.97101135e-06 0.989604176 -0.0430407688 -0.197735146 0.00625326498 ;
0 0.0463571482 0 0 0 -0.0144499811 0 0 0 -0.0310778267 0 0 -5.58782018e-06 1 9.87732257e-06 0.0463565556 -1.64803313e-06 0.193075118 ;
0 0.00237375201 0 0 0 -0.0428607193 0 0 0 0.0498018754 0 0 -0.989604176 -6.95026553e-06 0.143817854 -0.00625531925 0.0181073819 -0.0430416948 ;
0 0.143817854 0 0 0 -0.331965226 0 0 0 -0.331965226 0 0 0 0 0 0.143817854 -8.97101135e-06 0.989604176 ;
0 -5.58782018e-06 0 0 0 -0.942057383 0 0 0 -0.942057383 0 0 0 0 0 -5.58782018e-06 1 9.87732257e-06 ;
0 -0.989604176 0 0 0 -0.0482387441 0 0 0 -0.0482387441 0 0 0 0 0 -0.989604176 -6.95026553e-06 0.143817854 ];
	RF_FOOT_joint_u = [0 -1458.65876 0 0 0 -4315.61529 0 0 0 -1928.13088 0 0 -51254.0122 -13957.5423 -49167.2784 1491.37794 11868.9715 -4924.02231 ]';
	LH_FOOT_perr = [0.125808229 -0.0452407643 -2.48973391 ]';
	LH_FOOT_derr = [73.3940885 -7.83507446 7.14142122 ]';
	LH_FOOT_U = [2348.46338 -473.387931 -17285.3091 ]';
	LH_FOOT_J = [ %6x18
0 0 -0.060864222 0 0 0 0.043492261 0 0 0 0.0504700145 0 0.143817854 -8.97101135e-06 0.989604176 0.120240473 0.253192181 -0.0174720922 ;
0 0 -0.0344656467 0 0 0 -0.0967104064 0 0 0 -0.0836519513 0 -5.58782018e-06 1 9.87732257e-06 0.0344662393 2.76919003e-06 -0.260860052 ;
0 0 -0.00884512156 0 0 0 0.07756412 0 0 0 -0.021333745 0 -0.989604176 -6.95026553e-06 0.143817854 0.0174741928 0.0716231773 0.120242595 ;
0 0 -0.143817854 0 0 0 0.863294464 0 0 0 0.863294464 0 0 0 0 0.143817854 -8.97101135e-06 0.989604176 ;
0 0 5.58782018e-06 0 0 0 0.48885866 0 0 0 0.48885866 0 0 0 0 -5.58782018e-06 1 9.87732257e-06 ;
0 0 0.989604176 0 0 0 0.125458672 0 0 0 0.125458672 0 0 0 0 -0.989604176 -6.95026553e-06 0.143817854 ];
	LH_FOOT_joint_u = [0 0 26.2688845 0 0 0 -1192.79827 0 0 0 526.887182 0 17443.3676 -473.288861 -161.891569 -35.9823786 -643.417503 -1995.97498 ]';
	RH_FOOT_perr = [0.125809667 0.0452891325 -2.48973376 ]';
	RH_FOOT_derr = [73.3935269 7.83664977 7.14243592 ]';
	RH_FOOT_U = [2348.46221 473.758015 -17285.2878 ]';
	RH_FOOT_J = [ %6x18
0 0 0 0.0608657729 0 0 0 -0.0434919061 0 0 0 -0.0504696641 0.143817854 -8.97101135e-06 0.989604176 -0.120242023 0.253192523 0.0174769081 ;
0 0 0 -0.0344660841 0 0 0 -0.0967120218 0 0 0 -0.0836523327 -5.58782018e-06 1 9.87732257e-06 0.0344654914 2.76920504e-06 -0.260861996 ;
0 0 0 0.00884573618 0 0 0 -0.0775646232 0 0 0 0.0213330785 -0.989604176 -6.95026553e-06 0.143817854 -0.0174748074 0.0716248968 -0.120239901 ;
0 0 0 -0.143817854 0 0 0 0.863296505 0 0 0 0.863296505 0 0 0 0.143817854 -8.97101135e-06 0.989604176 ;
0 0 0 5.58782018e-06 0 0 0 -0.488853563 0 0 0 -0.488853563 0 0 0 -5.58782018e-06 1 9.87732257e-06 ;
0 0 0 0.989604176 0 0 0 0.12546449 0 0 0 0.12546449 0 0 0 -0.989604176 -6.95026553e-06 0.143817854 ];
	RH_FOOT_joint_u = [0 0 0 -26.288711 0 0 0 1192.76964 0 0 0 -526.905464 17443.3411 473.857084 -161.880305 36.0015293 -643.442567 1995.83969 ]';
eef_pid_U = [1462.10174 -1458.65876 26.2688845 -26.288711 4323.43671 -4315.61529 -1192.79827 1192.76964 1931.18181 -1928.13088 526.887182 -526.905464 ]';
	<< jumper_eef-PID-controller
	<< update_plugins()
U_NO_LIMIT = [2801.80855 -2796.94924 358.138303 -358.005404 5696.68595 -5687.53625 10710.5024 -10710.918 7168.97027 -7163.78002 6512.35959 -6512.70895 ]';
U_WITH_LIMIT = [2801.80855 -2796.94924 358.138303 -358.005404 5696.68595 -5687.53625 10710.5024 -10710.918 7168.97027 -7163.78002 6512.35959 -6512.70895 ]';
<< Controller::control(.)
compliant: 0
compliant: 0
>> Controller::control(.)
virtual_time = 0.005;

virtual_time_step = 0.001;

Set: generalized_q <-- [-12.297912, 12.415801, 17.825363, -18.90559, -462.6181, 465.89499, -44.069248, 43.964765, -253.22793, 254.1451, 55.039422, -54.763284, 1.4381257, 0.0015174465, 3.5961885, 0.012381473, -0.95777416, -0.013520321, 0.28693651] 
Set: generalized_qd <-- [-24522.043, 24640.077, 18885.388, -19965.601, -439574.81, 442851.69, -48931.899, 48827.417, -301019.53, 301935.23, 53331.228, -53055.108, -901.19976, 1.516982, 3528.6644, -11.21804, 19677.797, 395.27501] 
Set: generalized_qdd <-- [-31330441, 31448660, 18851350, -19931564, -4.1722715e+08, 4.2050401e+08, -49612803, 49508314, -3.4365392e+08, 3.4456816e+08, 54226115, -53950006, -1074577.1, 1516.2095, 3583293.4, -11209.268, 17456974, 395289.63] 
Set: generalized_fext <-- [0.02403424, 0.014280748, -0.043031325, -0.00062863622, 0.11653859, 0.088107072, 0.10113457, -0.13990751, -0.024759314, -0.048419138, 0.026358989, -0.018398535, -0, -0, -47.088, -0.10964101, 0.30430538, -0] 
Set: base.xd <-- [-901.2, 1.51698, 3528.66] 
Set: base.omega <-- [-11.218, 19677.8, 395.275] 
Set: base.xdd <-- [-1.07458e+06, 1516.21, 3.58329e+06] 
Set: base.alpha <-- [-11209.3, 1.7457e+07, 395290] 
Set: q <-- [-12.297912, 12.415801, 17.825363, -18.90559, -462.6181, 465.89499, -44.069248, 43.964765, -253.22793, 254.1451, 55.039422, -54.763284] 
Set: qd <-- [-24522.043, 24640.077, 18885.388, -19965.601, -439574.81, 442851.69, -48931.899, 48827.417, -301019.53, 301935.23, 53331.228, -53055.108] 
Set: qdd <-- [-31330441, 31448660, 18851350, -19931564, -4.1722715e+08, 4.2050401e+08, -49612803, 49508314, -3.4365392e+08, 3.4456816e+08, 54226115, -53950006] 
Get: init.base.x --> [ 2 0 0.172 0 0 0]
Rotating base_link_frame saggitally by: theta = -0
Set: base_stability_frame <-- orientation: [ 0.012925 -0.999817 -0.0141138 ] 2.55954   origin: [1.43813 0.00151745 3.59619]  relative pose: 0
Set: base_link_frame <-- orientation: [ 0.012925 -0.999817 -0.0141138 ] 2.55954   origin: [1.43813 0.00151745 3.59619]  relative pose: 0
Set: roll_pitch_yaw <-- [-3.10392 3.10209 -0.581533] 
Set: base_horizontal_frame <-- orientation: [ -0 -0 -1 ] 0.581533   origin: [1.43813 0.00151745 3.59619]  relative pose: 0
Get: init.end-effector.id --> [ LF_FOOT RF_FOOT LH_FOOT RH_FOOT]
Get: base_link_frame --> orientation: [ 0.012925 -0.999817 -0.0141138 ] 2.55954   origin: [1.43813 0.00151745 3.59619]  relative pose: 0
Set: LF_FOOT.state.x <-- [0.171214, 0.0903291, -0.110248] 
Set: LF_FOOT.state.xd <-- [63005.1, -12410.7, 34542.4] 
Set: LF_FOOT.state.xdd <-- [6.22545e+07, -1.40601e+07, 3.76031e+07] 
Set: RF_FOOT.state.x <-- [0.127381, -0.056552, 0.0227265] 
Set: RF_FOOT.state.xd <-- [7250.1, -5760.73, -34194.1] 
Set: RF_FOOT.state.xdd <-- [1.02249e+07, -6.36183e+06, -3.71127e+07] 
Set: LH_FOOT.state.x <-- [-0.247083, 0.152821, -0.056476] 
Set: LH_FOOT.state.xd <-- [-14.8607, 3107.41, -4292.58] 
Set: LH_FOOT.state.xdd <-- [-30339, 3.16775e+06, -4.32496e+06] 
Set: RH_FOOT.state.x <-- [-0.230406, -0.0546061, -0.0961605] 
Set: RH_FOOT.state.xd <-- [-500.186, 2197.95, -4849.28] 
Set: RH_FOOT.state.xdd <-- [-522365, 2.19873e+06, -4.92162e+06] 
Set: base.state.x <-- [1.43813, 0.00151745, 3.59619] 
Set: base.state.q <-- <0.0123815, -0.957774, -0.0135203> 0.286937
Set: base.state.xd <-- [-71963.6, -1322.53, -17729] 
Set: base.state.xdd <-- [0, 0, 0] 
Set: base.state.w <-- [-392.889, 19677.8, 45.9405] 
Set: base.state.wd <-- [0, 0, 0] 
Set: mass <-- 4.8
Set: center_of_mass.x <-- [-0.00623753, 0.0021776, -0.00234324] 
Set: center_of_mass.xd <-- [-11.218, 19677.8, 395.275] 
Set: center_of_mass.xdd <-- [0, 0, 0] 
Set: zero_moment_point <-- [-0.00623753, 0.0021776, 0] 
Variable: "generalized_inertia" not found in data!

	>> update_plugins()
	>> jumper-planner
Get: jumper-planner.real-time-factor --> 1
Get: init.q --> [0.1, -0.1, -0.1, 0.1, 0.8, -0.8, -0.8, 0.8, 1.2, -1.2, -1.2, 1.2] 
Get: base_link_frame --> orientation: [ 0.012925 -0.999817 -0.0141138 ] 2.55954   origin: [1.43813 0.00151745 3.59619]  relative pose: 0
Set: LF_FOOT.goal.x <-- [-1.01447, -0.0292508, 3.83226] 
Set: LF_FOOT.goal.xd <-- [0, 0, 0] 
Set: LF_FOOT.goal.xdd <-- [0, 0, 0] 
Set: LF_FOOT.stance <-- 1
Set: RF_FOOT.goal.x <-- [-1.00967, -0.181627, 3.8294] 
Set: RF_FOOT.goal.xd <-- [0, 0, 0] 
Set: RF_FOOT.goal.xdd <-- [0, 0, 0] 
Set: RF_FOOT.stance <-- 1
Set: LH_FOOT.goal.x <-- [-0.717109, -0.0235678, 4.02811] 
Set: LH_FOOT.goal.xd <-- [0, 0, 0] 
Set: LH_FOOT.goal.xdd <-- [0, 0, 0] 
Set: LH_FOOT.stance <-- 1
Set: RH_FOOT.goal.x <-- [-0.712309, -0.175944, 4.02525] 
Set: RH_FOOT.goal.xd <-- [0, 0, 0] 
Set: RH_FOOT.goal.xdd <-- [0, 0, 0] 
Set: RH_FOOT.stance <-- 1
	<< jumper-planner
	>> jumper
jumper_traj_theta = 30;

jumper_traj_alpha = 1;

jumper_traj_g = 9.81;

jumper_traj_r = 0.5;

jumper_fwd_vel_des = 2.06103;

jumper_up_vel_des = 1.18994;

jumper_real_x = [1.43812572 0.00151744655 3.59618854 ]';
jumper_real_xd = [-901.199758 1.51698203 3528.66435 ]';
jumper_real_xdd = [-11.2180401 19677.7969 395.275011 ]';
jumper_vel_base = [-901.199758 1.51698203 3528.66435 -11.2180401 19677.7969 395.275011 ]';
jumper_vb_des:  = [86.4310535 -0.000290727985 -33.8506991 0 0 0 ]';
vel_base_dot = [98763.0811 -151.727276 -356251.505 1121.80401 -1967779.69 -39527.5011 ]';
viip_fb = [-611922.393 -420526.549 0 0 28797528.6 -29064761.7 0 0 28767634.7 -28998942.7 0 0 ]';
jumper_time = 0.005;

	<< jumper
	>> jumper_joint-PID-controller
Get: jumper_joint-PID-controller.real-time-factor --> 1
Get: jumper.phase --> 1
	<< jumper_joint-PID-controller
	>> jumper_eef-PID-controller
	LF_FOOT_perr = [-1.18568649 -0.119579895 3.94250875 ]';
	LF_FOOT_derr = [-63005.0564 12410.69 -34542.436 ]';
	LF_FOOT_U = [-1268401.03 247376.738 -663251.123 ]';
	LF_FOOT_J = [ %6x18
-0.0184396304 0 0 0 0.106639612 0 0 0 0.0830063579 0 0 0 -0.835028279 -0.0159583628 -0.549975549 -0.0514381633 0.186223645 0.0726950435 ;
0.110743805 0 0 0 0.00883783074 0 0 0 0.0237053978 0 0 0 -0.0314762577 0.9993278 0.0187934348 0.111871411 0.000252493149 0.173942123 ;
-0.0216852055 0 0 0 -0.0455453382 0 0 0 0.0504777046 0 0 0 0.549305943 0.0330042216 -0.834969282 -0.0717833624 0.0823985824 -0.0439675175 ;
-0.835028279 0 0 0 -0.161265087 0 0 0 -0.161265087 0 0 0 0 0 0 -0.835028279 -0.0159583628 -0.549975549 ;
-0.0314762577 0 0 0 0.968517755 0 0 0 0.968517755 0 0 0 0 0 0 -0.0314762577 0.9993278 0.0187934348 ;
0.549305943 0 0 0 -0.189649493 0 0 0 -0.189649493 0 0 0 0 0 0 0.549305943 0.0330042216 -0.834969282 ];
	LF_FOOT_joint_u = [65167.0243 0 0 0 -102867.523 0 0 0 -132900.58 0 0 0 687036.45 245561.969 1256032.92 140529 -290794.754 -20015.7276 ]';
	RF_FOOT_perr = [-1.13705439 -0.12507521 3.8066687 ]';
	RF_FOOT_derr = [-7250.09954 5760.73155 34194.1311 ]';
	RF_FOOT_U = [-152961.465 114339.104 710529.337 ]';
	RF_FOOT_J = [ %6x18
0 -0.00153364757 0 0 0 0.0315475578 0 0 0 -0.0036076292 0 0 -0.835028279 -0.0159583628 -0.549975549 0.0314648854 0.0510793431 -0.049255302 ;
0 -0.0226464464 0 0 0 -0.00308728394 0 0 0 -0.0155744371 0 0 -0.0314762577 0.9993278 0.0187934348 -0.0237740525 -0.00310927917 0.125515688 ;
0 -0.00362906046 0 0 0 0.00593353981 0 0 0 0.0987138385 0 0 0.549305943 0.0330042216 -0.834969282 0.0464690965 0.118843336 0.0352684623 ;
0 -0.835028279 0 0 0 -0.0667192062 0 0 0 -0.0667192062 0 0 0 0 0 -0.835028279 -0.0159583628 -0.549975549 ;
0 -0.0314762577 0 0 0 -0.985202176 0 0 0 -0.985202176 0 0 0 0 0 -0.0314762577 0.9993278 0.0187934348 ;
0 0.549305943 0 0 0 -0.157877231 0 0 0 -0.157877231 0 0 0 0 0 0.549305943 0.0330042216 -0.834969282 ];
	RF_FOOT_joint_u = [0 -4933.33933 0 0 0 -962.603828 0 0 0 68910.1393 0 0 514426.169 140153.727 -506996.28 25486.4375 76272.9934 46944.7916 ]';
	LH_FOOT_perr = [-0.47002641 -0.176388598 4.08458968 ]';
	LH_FOOT_derr = [14.8606577 -3107.41012 4292.57797 ]';
	LH_FOOT_U = [-2993.05241 -63382.9254 114443.728 ]';
	LH_FOOT_J = [ %6x18
0 0 0.0519504068 0 0 0 0.0642978529 0 0 0 0.0841672961 0 -0.835028279 -0.0159583628 -0.549975549 -0.0849489397 -0.0887303074 0.13155268 ;
0 0 -0.0581824307 0 0 0 -0.0785130485 0 0 0 0.00528999718 0 -0.0314762577 0.9993278 0.0187934348 0.0593100368 0.00642118143 -0.242106201 ;
0 0 0.0756385292 0 0 0 -0.10455491 0 0 0 -0.0537390193 0 0.549305943 0.0330042216 -0.834969282 -0.125736686 -0.237328898 -0.092100112 ;
0 0 0.835028279 0 0 0 -0.478136369 0 0 0 -0.478136369 0 0 0 0 -0.835028279 -0.0159583628 -0.549975549 ;
0 0 0.0314762577 0 0 0 0.535494097 0 0 0 0.535494097 0 0 0 0 -0.0314762577 0.9993278 0.0187934348 ;
0 0 -0.549305943 0 0 0 -0.696154928 0 0 0 -0.696154928 0 0 0 0 0.549305943 0.0330042216 -0.834969282 ];
	LH_FOOT_joint_u = [0 0 12188.6376 0 0 0 -7181.71382 0 0 0 -6737.30632 0 67358.9605 -59515.429 -95102.0746 -17894.7621 -27302.2226 4411.37507 ]';
	RH_FOOT_perr = [-0.481903096 -0.121338133 4.12140859 ]';
	RH_FOOT_derr = [500.185504 -2197.95208 4849.27751 ]';
	RH_FOOT_U = [6630.30759 -44808.4086 125835.451 ]';
	RH_FOOT_J = [ %6x18
0 0 0 0.00450107975 0 0 0 -0.036342689 0 0 0 -0.0926199943 -0.835028279 -0.0159583628 -0.549975549 0.0284974532 -0.0464211348 -0.0419207254 ;
0 0 0 -0.0961972253 0 0 0 -4.01637784e-05 0 0 0 -0.00381508315 -0.0314762577 0.9993278 0.0187934348 0.0950696192 0.00735689949 -0.231970281 ;
0 0 0 0.00133004246 0 0 0 0.120084661 0 0 0 0.0375097559 0.549305943 0.0330042216 -0.834969282 0.0487681145 -0.245203768 0.0223910699 ;
0 0 0 0.835028279 0 0 0 0.0467345282 0 0 0 0.0467345282 0 0 0 -0.835028279 -0.0159583628 -0.549975549 ;
0 0 0 0.0314762577 0 0 0 -0.998811881 0 0 0 -0.998811881 0 0 0 -0.0314762577 0.9993278 0.0187934348 ;
0 0 0 -0.549305943 0 0 0 0.0138097768 0 0 0 0.0138097768 0 0 0 0.549305943 0.0330042216 -0.834969282 ];
	RH_FOOT_joint_u = [0 0 0 4507.65461 0 0 0 14871.7439 0 0 0 4276.90582 64996.0679 -40730.9961 -109557.347 2065.78624 -31492.7642 12933.8622 ]';
eef_pid_U = [65167.0243 -4933.33933 12188.6376 4507.65461 -102867.523 -962.603828 -7181.71382 14871.7439 -132900.58 68910.1393 -6737.30632 4276.90582 ]';
	<< jumper_eef-PID-controller
	<< update_plugins()
U_NO_LIMIT = [-546755.369 -425459.889 12188.6376 4507.65461 28694661 -29065724.3 -7181.71382 14871.7439 28634734.1 -28930032.6 -6737.30632 4276.90582 ]';
U_WITH_LIMIT = [-100000 -100000 12188.6376 4507.65461 100000 -100000 -7181.71382 14871.7439 100000 -100000 -6737.30632 4276.90582 ]';
<< Controller::control(.)
